<?xml version="1.0" encoding="UTF-8"?>
<coverage generated="1743531385661" clover="3.2.0">
  <project timestamp="1743531385661" name="All files">
    <metrics statements="200" coveredstatements="189" conditionals="98" coveredconditionals="90" methods="44" coveredmethods="44" elements="342" coveredelements="323" complexity="0" loc="200" ncloc="200" packages="29" files="29" classes="29"/>
    <package name="01-basic-challenges-1.01-hello-world">
      <metrics statements="2" coveredstatements="2" conditionals="0" coveredconditionals="0" methods="1" coveredmethods="1"/>
      <file name="hello-world.js" path="C:\Users\boran\OneDrive\Документи\GitHub\homeworks\01-basic-challenges-1\01-hello-world\hello-world.js">
        <metrics statements="2" coveredstatements="2" conditionals="0" coveredconditionals="0" methods="1" coveredmethods="1"/>
        <line num="2" count="1" type="stmt"/>
        <line num="5" count="1" type="stmt"/>
      </file>
    </package>
    <package name="01-basic-challenges-1.02-get-sum">
      <metrics statements="2" coveredstatements="2" conditionals="0" coveredconditionals="0" methods="1" coveredmethods="1"/>
      <file name="get-sum.js" path="C:\Users\boran\OneDrive\Документи\GitHub\homeworks\01-basic-challenges-1\02-get-sum\get-sum.js">
        <metrics statements="2" coveredstatements="2" conditionals="0" coveredconditionals="0" methods="1" coveredmethods="1"/>
        <line num="2" count="1" type="stmt"/>
        <line num="5" count="1" type="stmt"/>
      </file>
    </package>
    <package name="01-basic-challenges-1.03-calculator">
      <metrics statements="11" coveredstatements="10" conditionals="10" coveredconditionals="8" methods="1" coveredmethods="1"/>
      <file name="calculator.js" path="C:\Users\boran\OneDrive\Документи\GitHub\homeworks\01-basic-challenges-1\03-calculator\calculator.js">
        <metrics statements="11" coveredstatements="10" conditionals="10" coveredconditionals="8" methods="1" coveredmethods="1"/>
        <line num="3" count="4" type="cond" truecount="2" falsecount="0"/>
        <line num="4" count="1" type="stmt"/>
        <line num="5" count="3" type="cond" truecount="2" falsecount="0"/>
        <line num="6" count="1" type="stmt"/>
        <line num="7" count="2" type="cond" truecount="2" falsecount="0"/>
        <line num="8" count="1" type="stmt"/>
        <line num="9" count="1" type="cond" truecount="1" falsecount="1"/>
        <line num="10" count="0" type="stmt"/>
        <line num="12" count="1" type="cond" truecount="1" falsecount="1"/>
        <line num="13" count="1" type="stmt"/>
        <line num="18" count="1" type="stmt"/>
      </file>
    </package>
    <package name="01-basic-challenges-1.04-count-occurrences">
      <metrics statements="6" coveredstatements="6" conditionals="2" coveredconditionals="2" methods="1" coveredmethods="1"/>
      <file name="count-occurrences.js" path="C:\Users\boran\OneDrive\Документи\GitHub\homeworks\01-basic-challenges-1\04-count-occurrences\count-occurrences.js">
        <metrics statements="6" coveredstatements="6" conditionals="2" coveredconditionals="2" methods="1" coveredmethods="1"/>
        <line num="2" count="3" type="stmt"/>
        <line num="3" count="3" type="stmt"/>
        <line num="4" count="22" type="cond" truecount="2" falsecount="0"/>
        <line num="5" count="7" type="stmt"/>
        <line num="8" count="3" type="stmt"/>
        <line num="11" count="1" type="stmt"/>
      </file>
    </package>
    <package name="01-basic-challenges-1.05-find-max-number">
      <metrics statements="2" coveredstatements="2" conditionals="0" coveredconditionals="0" methods="1" coveredmethods="1"/>
      <file name="find-max-number.js" path="C:\Users\boran\OneDrive\Документи\GitHub\homeworks\01-basic-challenges-1\05-find-max-number\find-max-number.js">
        <metrics statements="2" coveredstatements="2" conditionals="0" coveredconditionals="0" methods="1" coveredmethods="1"/>
        <line num="2" count="3" type="stmt"/>
        <line num="5" count="1" type="stmt"/>
      </file>
    </package>
    <package name="01-basic-challenges-1.06-title-case">
      <metrics statements="3" coveredstatements="3" conditionals="0" coveredconditionals="0" methods="2" coveredmethods="2"/>
      <file name="title-case.js" path="C:\Users\boran\OneDrive\Документи\GitHub\homeworks\01-basic-challenges-1\06-title-case\title-case.js">
        <metrics statements="3" coveredstatements="3" conditionals="0" coveredconditionals="0" methods="2" coveredmethods="2"/>
        <line num="2" count="3" type="stmt"/>
        <line num="4" count="6" type="stmt"/>
        <line num="8" count="1" type="stmt"/>
      </file>
    </package>
    <package name="01-basic-challenges-1.07-reverse-string">
      <metrics statements="2" coveredstatements="2" conditionals="0" coveredconditionals="0" methods="1" coveredmethods="1"/>
      <file name="reverse-string.js" path="C:\Users\boran\OneDrive\Документи\GitHub\homeworks\01-basic-challenges-1\07-reverse-string\reverse-string.js">
        <metrics statements="2" coveredstatements="2" conditionals="0" coveredconditionals="0" methods="1" coveredmethods="1"/>
        <line num="2" count="3" type="stmt"/>
        <line num="5" count="1" type="stmt"/>
      </file>
    </package>
    <package name="01-basic-challenges-1.08-palindrome">
      <metrics statements="4" coveredstatements="4" conditionals="0" coveredconditionals="0" methods="1" coveredmethods="1"/>
      <file name="palindrome.js" path="C:\Users\boran\OneDrive\Документи\GitHub\homeworks\01-basic-challenges-1\08-palindrome\palindrome.js">
        <metrics statements="4" coveredstatements="4" conditionals="0" coveredconditionals="0" methods="1" coveredmethods="1"/>
        <line num="2" count="4" type="stmt"/>
        <line num="3" count="4" type="stmt"/>
        <line num="4" count="4" type="stmt"/>
        <line num="7" count="1" type="stmt"/>
      </file>
    </package>
    <package name="01-basic-challenges-1.09-count-vowels">
      <metrics statements="7" coveredstatements="7" conditionals="2" coveredconditionals="2" methods="1" coveredmethods="1"/>
      <file name="count-vowels.js" path="C:\Users\boran\OneDrive\Документи\GitHub\homeworks\01-basic-challenges-1\09-count-vowels\count-vowels.js">
        <metrics statements="7" coveredstatements="7" conditionals="2" coveredconditionals="2" methods="1" coveredmethods="1"/>
        <line num="2" count="4" type="stmt"/>
        <line num="3" count="4" type="stmt"/>
        <line num="4" count="4" type="stmt"/>
        <line num="5" count="53" type="cond" truecount="2" falsecount="0"/>
        <line num="6" count="17" type="stmt"/>
        <line num="9" count="4" type="stmt"/>
        <line num="12" count="1" type="stmt"/>
      </file>
    </package>
    <package name="01-basic-challenges-1.10-remove-duplicates">
      <metrics statements="2" coveredstatements="2" conditionals="0" coveredconditionals="0" methods="1" coveredmethods="1"/>
      <file name="remove-duplicates.js" path="C:\Users\boran\OneDrive\Документи\GitHub\homeworks\01-basic-challenges-1\10-remove-duplicates\remove-duplicates.js">
        <metrics statements="2" coveredstatements="2" conditionals="0" coveredconditionals="0" methods="1" coveredmethods="1"/>
        <line num="2" count="3" type="stmt"/>
        <line num="5" count="1" type="stmt"/>
      </file>
    </package>
    <package name="02-basic-challenges-2.01-fizzbuzz-array">
      <metrics statements="11" coveredstatements="11" conditionals="8" coveredconditionals="8" methods="1" coveredmethods="1"/>
      <file name="fizzbuzz-array.js" path="C:\Users\boran\OneDrive\Документи\GitHub\homeworks\02-basic-challenges-2\01-fizzbuzz-array\fizzbuzz-array.js">
        <metrics statements="11" coveredstatements="11" conditionals="8" coveredconditionals="8" methods="1" coveredmethods="1"/>
        <line num="2" count="1" type="stmt"/>
        <line num="4" count="1" type="stmt"/>
        <line num="5" count="15" type="cond" truecount="4" falsecount="0"/>
        <line num="6" count="1" type="stmt"/>
        <line num="7" count="14" type="cond" truecount="2" falsecount="0"/>
        <line num="8" count="4" type="stmt"/>
        <line num="9" count="10" type="cond" truecount="2" falsecount="0"/>
        <line num="10" count="2" type="stmt"/>
        <line num="12" count="8" type="stmt"/>
        <line num="16" count="1" type="stmt"/>
        <line num="19" count="1" type="stmt"/>
      </file>
    </package>
    <package name="02-basic-challenges-2.02-array-intersection">
      <metrics statements="2" coveredstatements="2" conditionals="0" coveredconditionals="0" methods="2" coveredmethods="2"/>
      <file name="array-intersection.js" path="C:\Users\boran\OneDrive\Документи\GitHub\homeworks\02-basic-challenges-2\02-array-intersection\array-intersection.js">
        <metrics statements="2" coveredstatements="2" conditionals="0" coveredconditionals="0" methods="2" coveredmethods="2"/>
        <line num="2" count="11" type="stmt"/>
        <line num="5" count="1" type="stmt"/>
      </file>
    </package>
    <package name="02-basic-challenges-2.03-display-likes">
      <metrics statements="11" coveredstatements="11" conditionals="8" coveredconditionals="8" methods="1" coveredmethods="1"/>
      <file name="display-likes.js" path="C:\Users\boran\OneDrive\Документи\GitHub\homeworks\02-basic-challenges-2\03-display-likes\display-likes.js">
        <metrics statements="11" coveredstatements="11" conditionals="8" coveredconditionals="8" methods="1" coveredmethods="1"/>
        <line num="2" count="6" type="stmt"/>
        <line num="4" count="6" type="cond" truecount="2" falsecount="0"/>
        <line num="5" count="1" type="stmt"/>
        <line num="6" count="5" type="cond" truecount="2" falsecount="0"/>
        <line num="7" count="1" type="stmt"/>
        <line num="8" count="4" type="cond" truecount="2" falsecount="0"/>
        <line num="9" count="1" type="stmt"/>
        <line num="10" count="3" type="cond" truecount="2" falsecount="0"/>
        <line num="11" count="1" type="stmt"/>
        <line num="13" count="2" type="stmt"/>
        <line num="17" count="1" type="stmt"/>
      </file>
    </package>
    <package name="02-basic-challenges-2.04-find-missing-number">
      <metrics statements="5" coveredstatements="5" conditionals="0" coveredconditionals="0" methods="2" coveredmethods="2"/>
      <file name="find-missing-number.js" path="C:\Users\boran\OneDrive\Документи\GitHub\homeworks\02-basic-challenges-2\04-find-missing-number\find-missing-number.js">
        <metrics statements="5" coveredstatements="5" conditionals="0" coveredconditionals="0" methods="2" coveredmethods="2"/>
        <line num="2" count="3" type="stmt"/>
        <line num="3" count="3" type="stmt"/>
        <line num="4" count="18" type="stmt"/>
        <line num="6" count="3" type="stmt"/>
        <line num="9" count="1" type="stmt"/>
      </file>
    </package>
    <package name="02-basic-challenges-2.05-find-missing-letter">
      <metrics statements="4" coveredstatements="4" conditionals="2" coveredconditionals="2" methods="1" coveredmethods="1"/>
      <file name="find-missing-letter.js" path="C:\Users\boran\OneDrive\Документи\GitHub\homeworks\02-basic-challenges-2\05-find-missing-letter\find-missing-letter.js">
        <metrics statements="4" coveredstatements="4" conditionals="2" coveredconditionals="2" methods="1" coveredmethods="1"/>
        <line num="2" count="4" type="stmt"/>
        <line num="3" count="10" type="cond" truecount="2" falsecount="0"/>
        <line num="4" count="4" type="stmt"/>
        <line num="9" count="1" type="stmt"/>
      </file>
    </package>
    <package name="02-basic-challenges-2.06-are-all-chars-unique">
      <metrics statements="3" coveredstatements="3" conditionals="0" coveredconditionals="0" methods="1" coveredmethods="1"/>
      <file name="are-all-chars-unique.js" path="C:\Users\boran\OneDrive\Документи\GitHub\homeworks\02-basic-challenges-2\06-are-all-chars-unique\are-all-chars-unique.js">
        <metrics statements="3" coveredstatements="3" conditionals="0" coveredconditionals="0" methods="1" coveredmethods="1"/>
        <line num="2" count="5" type="stmt"/>
        <line num="3" count="5" type="stmt"/>
        <line num="6" count="1" type="stmt"/>
      </file>
    </package>
    <package name="02-basic-challenges-2.07-first-non-repeating">
      <metrics statements="8" coveredstatements="8" conditionals="4" coveredconditionals="4" methods="1" coveredmethods="1"/>
      <file name="first-non-repeating.js" path="C:\Users\boran\OneDrive\Документи\GitHub\homeworks\02-basic-challenges-2\07-first-non-repeating\first-non-repeating.js">
        <metrics statements="8" coveredstatements="8" conditionals="4" coveredconditionals="4" methods="1" coveredmethods="1"/>
        <line num="2" count="3" type="stmt"/>
        <line num="3" count="3" type="stmt"/>
        <line num="4" count="26" type="cond" truecount="2" falsecount="0"/>
        <line num="6" count="3" type="stmt"/>
        <line num="7" count="10" type="cond" truecount="2" falsecount="0"/>
        <line num="8" count="2" type="stmt"/>
        <line num="11" count="1" type="stmt"/>
        <line num="14" count="1" type="stmt"/>
      </file>
    </package>
    <package name="02-basic-challenges-2.08-dice-game">
      <metrics statements="14" coveredstatements="14" conditionals="9" coveredconditionals="9" methods="2" coveredmethods="2"/>
      <file name="dice-game.js" path="C:\Users\boran\OneDrive\Документи\GitHub\homeworks\02-basic-challenges-2\08-dice-game\dice-game.js">
        <metrics statements="14" coveredstatements="14" conditionals="9" coveredconditionals="9" methods="2" coveredmethods="2"/>
        <line num="2" count="1" type="stmt"/>
        <line num="3" count="200" type="stmt"/>
        <line num="5" count="1" type="stmt"/>
        <line num="6" count="100" type="stmt"/>
        <line num="7" count="100" type="stmt"/>
        <line num="8" count="100" type="stmt"/>
        <line num="10" count="100" type="cond" truecount="4" falsecount="0"/>
        <line num="11" count="23" type="stmt"/>
        <line num="12" count="77" type="cond" truecount="5" falsecount="0"/>
        <line num="13" count="7" type="stmt"/>
        <line num="15" count="70" type="stmt"/>
        <line num="17" count="100" type="stmt"/>
        <line num="25" count="1" type="stmt"/>
        <line num="28" count="1" type="stmt"/>
      </file>
    </package>
    <package name="02-basic-challenges-2.09-format-phone-number">
      <metrics statements="5" coveredstatements="4" conditionals="2" coveredconditionals="1" methods="1" coveredmethods="1"/>
      <file name="format-phone-number.js" path="C:\Users\boran\OneDrive\Документи\GitHub\homeworks\02-basic-challenges-2\09-format-phone-number\format-phone-number.js">
        <metrics statements="5" coveredstatements="4" conditionals="2" coveredconditionals="1" methods="1" coveredmethods="1"/>
        <line num="2" count="3" type="cond" truecount="1" falsecount="1"/>
        <line num="3" count="0" type="stmt"/>
        <line num="5" count="3" type="stmt"/>
        <line num="7" count="3" type="stmt"/>
        <line num="10" count="1" type="stmt"/>
      </file>
    </package>
    <package name="02-basic-challenges-2.10-validate-email">
      <metrics statements="5" coveredstatements="5" conditionals="4" coveredconditionals="4" methods="1" coveredmethods="1"/>
      <file name="validate-email.js" path="C:\Users\boran\OneDrive\Документи\GitHub\homeworks\02-basic-challenges-2\10-validate-email\validate-email.js">
        <metrics statements="5" coveredstatements="5" conditionals="4" coveredconditionals="4" methods="1" coveredmethods="1"/>
        <line num="2" count="5" type="stmt"/>
        <line num="3" count="5" type="cond" truecount="4" falsecount="0"/>
        <line num="4" count="2" type="stmt"/>
        <line num="6" count="3" type="stmt"/>
        <line num="9" count="1" type="stmt"/>
      </file>
    </package>
    <package name="03-high-order-array-methods.02-sum-of-even-squares">
      <metrics statements="5" coveredstatements="5" conditionals="0" coveredconditionals="0" methods="4" coveredmethods="4"/>
      <file name="sum-of-even-squares.js" path="C:\Users\boran\OneDrive\Документи\GitHub\homeworks\03-high-order-array-methods\02-sum-of-even-squares\sum-of-even-squares.js">
        <metrics statements="5" coveredstatements="5" conditionals="0" coveredconditionals="0" methods="4" coveredmethods="4"/>
        <line num="2" count="11" type="stmt"/>
        <line num="3" count="5" type="stmt"/>
        <line num="4" count="5" type="stmt"/>
        <line num="6" count="3" type="stmt"/>
        <line num="9" count="1" type="stmt"/>
      </file>
    </package>
    <package name="03-high-order-array-methods.03-calculate-total-sales">
      <metrics statements="21" coveredstatements="13" conditionals="12" coveredconditionals="8" methods="2" coveredmethods="2"/>
      <file name="calculate-total-sales.js" path="C:\Users\boran\OneDrive\Документи\GitHub\homeworks\03-high-order-array-methods\03-calculate-total-sales\calculate-total-sales.js">
        <metrics statements="21" coveredstatements="13" conditionals="12" coveredconditionals="8" methods="2" coveredmethods="2"/>
        <line num="3" count="2" type="cond" truecount="3" falsecount="1"/>
        <line num="4" count="0" type="stmt"/>
        <line num="5" count="0" type="stmt"/>
        <line num="9" count="2" type="cond" truecount="1" falsecount="1"/>
        <line num="10" count="0" type="stmt"/>
        <line num="11" count="0" type="stmt"/>
        <line num="14" count="2" type="stmt"/>
        <line num="16" count="7" type="cond" truecount="3" falsecount="1"/>
        <line num="17" count="0" type="stmt"/>
        <line num="18" count="0" type="stmt"/>
        <line num="21" count="7" type="stmt"/>
        <line num="22" count="7" type="stmt"/>
        <line num="24" count="7" type="stmt"/>
        <line num="27" count="2" type="cond" truecount="1" falsecount="1"/>
        <line num="28" count="0" type="stmt"/>
        <line num="29" count="0" type="stmt"/>
        <line num="32" count="2" type="stmt"/>
        <line num="33" count="2" type="stmt"/>
        <line num="35" count="2" type="stmt"/>
        <line num="37" count="2" type="stmt"/>
        <line num="40" count="1" type="stmt"/>
      </file>
    </package>
    <package name="03-high-order-array-methods.04-highest-scoring-word">
      <metrics statements="11" coveredstatements="11" conditionals="2" coveredconditionals="2" methods="2" coveredmethods="2"/>
      <file name="highest-scoring-word.js" path="C:\Users\boran\OneDrive\Документи\GitHub\homeworks\03-high-order-array-methods\04-highest-scoring-word\highest-scoring-word.js">
        <metrics statements="11" coveredstatements="11" conditionals="2" coveredconditionals="2" methods="2" coveredmethods="2"/>
        <line num="2" count="3" type="stmt"/>
        <line num="4" count="3" type="stmt"/>
        <line num="5" count="3" type="stmt"/>
        <line num="6" count="3" type="stmt"/>
        <line num="7" count="17" type="stmt"/>
        <line num="9" count="67" type="stmt"/>
        <line num="10" count="17" type="cond" truecount="2" falsecount="0"/>
        <line num="11" count="7" type="stmt"/>
        <line num="12" count="7" type="stmt"/>
        <line num="16" count="3" type="stmt"/>
        <line num="19" count="1" type="stmt"/>
      </file>
    </package>
    <package name="03-high-order-array-methods.05-valid-anagrams">
      <metrics statements="11" coveredstatements="11" conditionals="6" coveredconditionals="6" methods="2" coveredmethods="2"/>
      <file name="valid-anagrams.js" path="C:\Users\boran\OneDrive\Документи\GitHub\homeworks\03-high-order-array-methods\05-valid-anagrams\valid-anagrams.js">
        <metrics statements="11" coveredstatements="11" conditionals="6" coveredconditionals="6" methods="2" coveredmethods="2"/>
        <line num="2" count="4" type="cond" truecount="2" falsecount="0"/>
        <line num="3" count="1" type="stmt"/>
        <line num="5" count="3" type="stmt"/>
        <line num="6" count="3" type="stmt"/>
        <line num="7" count="21" type="cond" truecount="2" falsecount="0"/>
        <line num="9" count="3" type="stmt"/>
        <line num="10" count="17" type="cond" truecount="2" falsecount="0"/>
        <line num="11" count="1" type="stmt"/>
        <line num="13" count="16" type="stmt"/>
        <line num="15" count="14" type="stmt"/>
        <line num="19" count="1" type="stmt"/>
      </file>
    </package>
    <package name="03-high-order-array-methods.06-hashtag-generator">
      <metrics statements="9" coveredstatements="9" conditionals="4" coveredconditionals="4" methods="2" coveredmethods="2"/>
      <file name="hashtag-generator.js" path="C:\Users\boran\OneDrive\Документи\GitHub\homeworks\03-high-order-array-methods\06-hashtag-generator\hashtag-generator.js">
        <metrics statements="9" coveredstatements="9" conditionals="4" coveredconditionals="4" methods="2" coveredmethods="2"/>
        <line num="2" count="4" type="stmt"/>
        <line num="3" count="4" type="cond" truecount="2" falsecount="0"/>
        <line num="4" count="1" type="stmt"/>
        <line num="6" count="47" type="stmt"/>
        <line num="7" count="3" type="stmt"/>
        <line num="8" count="3" type="cond" truecount="2" falsecount="0"/>
        <line num="9" count="1" type="stmt"/>
        <line num="11" count="2" type="stmt"/>
        <line num="15" count="1" type="stmt"/>
      </file>
    </package>
    <package name="03-high-order-array-methods.07-valid-ipv4">
      <metrics statements="14" coveredstatements="13" conditionals="12" coveredconditionals="11" methods="1" coveredmethods="1"/>
      <file name="valid-ipv4.js" path="C:\Users\boran\OneDrive\Документи\GitHub\homeworks\03-high-order-array-methods\07-valid-ipv4\valid-ipv4.js">
        <metrics statements="14" coveredstatements="13" conditionals="12" coveredconditionals="11" methods="1" coveredmethods="1"/>
        <line num="2" count="6" type="stmt"/>
        <line num="3" count="6" type="cond" truecount="2" falsecount="0"/>
        <line num="4" count="2" type="stmt"/>
        <line num="6" count="4" type="stmt"/>
        <line num="7" count="12" type="stmt"/>
        <line num="8" count="12" type="cond" truecount="1" falsecount="1"/>
        <line num="9" count="0" type="stmt"/>
        <line num="11" count="12" type="stmt"/>
        <line num="12" count="12" type="cond" truecount="4" falsecount="0"/>
        <line num="13" count="1" type="stmt"/>
        <line num="15" count="11" type="cond" truecount="4" falsecount="0"/>
        <line num="16" count="1" type="stmt"/>
        <line num="19" count="2" type="stmt"/>
        <line num="22" count="1" type="stmt"/>
      </file>
    </package>
    <package name="03-high-order-array-methods.08-analyze-car-milage">
      <metrics statements="8" coveredstatements="8" conditionals="4" coveredconditionals="4" methods="4" coveredmethods="4"/>
      <file name="analyze-car-milage.js" path="C:\Users\boran\OneDrive\Документи\GitHub\homeworks\03-high-order-array-methods\08-analyze-car-milage\analyze-car-milage.js">
        <metrics statements="8" coveredstatements="8" conditionals="4" coveredconditionals="4" methods="4" coveredmethods="4"/>
        <line num="2" count="3" type="stmt"/>
        <line num="3" count="1" type="stmt"/>
        <line num="4" count="1" type="stmt"/>
        <line num="5" count="2" type="cond" truecount="2" falsecount="0"/>
        <line num="7" count="1" type="stmt"/>
        <line num="8" count="2" type="cond" truecount="2" falsecount="0"/>
        <line num="10" count="1" type="stmt"/>
        <line num="19" count="1" type="stmt"/>
      </file>
    </package>
    <package name="03-high-order-array-methods.09-password-validator">
      <metrics statements="7" coveredstatements="7" conditionals="5" coveredconditionals="5" methods="1" coveredmethods="1"/>
      <file name="password-validator.js" path="C:\Users\boran\OneDrive\Документи\GitHub\homeworks\03-high-order-array-methods\09-password-validator\password-validator.js">
        <metrics statements="7" coveredstatements="7" conditionals="5" coveredconditionals="5" methods="1" coveredmethods="1"/>
        <line num="2" count="4" type="cond" truecount="2" falsecount="0"/>
        <line num="3" count="1" type="stmt"/>
        <line num="5" count="3" type="stmt"/>
        <line num="6" count="3" type="stmt"/>
        <line num="7" count="3" type="stmt"/>
        <line num="8" count="3" type="cond" truecount="3" falsecount="0"/>
        <line num="11" count="1" type="stmt"/>
      </file>
    </package>
    <package name="03-high-order-array-methods.10-find-missing-letter-refactor">
      <metrics statements="5" coveredstatements="5" conditionals="2" coveredconditionals="2" methods="2" coveredmethods="2"/>
      <file name="find-missing-letter-refactor.js" path="C:\Users\boran\OneDrive\Документи\GitHub\homeworks\03-high-order-array-methods\10-find-missing-letter-refactor\find-missing-letter-refactor.js">
        <metrics statements="5" coveredstatements="5" conditionals="2" coveredconditionals="2" methods="2" coveredmethods="2"/>
        <line num="2" count="15" type="stmt"/>
        <line num="3" count="4" type="stmt"/>
        <line num="4" count="10" type="cond" truecount="2" falsecount="0"/>
        <line num="5" count="4" type="stmt"/>
        <line num="10" count="1" type="stmt"/>
      </file>
    </package>
  </project>
</coverage>
