{"C:\\Users\\boran\\OneDrive\\Документи\\GitHub\\homeworks\\01-basic-challenges-1\\01-hello-world\\hello-world.js": {"path":"C:\\Users\\boran\\OneDrive\\Документи\\GitHub\\homeworks\\01-basic-challenges-1\\01-hello-world\\hello-world.js","statementMap":{"0":{"start":{"line":2,"column":4},"end":{"line":2,"column":25}},"1":{"start":{"line":5,"column":0},"end":{"line":5,"column":28}}},"fnMap":{"0":{"name":"helloWorld","decl":{"start":{"line":1,"column":9},"end":{"line":1,"column":19}},"loc":{"start":{"line":1,"column":22},"end":{"line":3,"column":1}},"line":1}},"branchMap":{},"s":{"0":1,"1":1},"f":{"0":1},"b":{},"_coverageSchema":"1a1c01bbd47fc00a2c39e90264f33305004495a9","hash":"afb848301aa7949ea21f83baeee492f8ea2cdf1f"}
,"C:\\Users\\boran\\OneDrive\\Документи\\GitHub\\homeworks\\01-basic-challenges-1\\02-get-sum\\get-sum.js": {"path":"C:\\Users\\boran\\OneDrive\\Документи\\GitHub\\homeworks\\01-basic-challenges-1\\02-get-sum\\get-sum.js","statementMap":{"0":{"start":{"line":2,"column":0},"end":{"line":2,"column":11}},"1":{"start":{"line":5,"column":0},"end":{"line":5,"column":24}}},"fnMap":{"0":{"name":"getSum","decl":{"start":{"line":1,"column":9},"end":{"line":1,"column":15}},"loc":{"start":{"line":1,"column":21},"end":{"line":3,"column":1}},"line":1}},"branchMap":{},"s":{"0":1,"1":1},"f":{"0":1},"b":{},"_coverageSchema":"1a1c01bbd47fc00a2c39e90264f33305004495a9","hash":"ffb8a8c02d011a07358e93b399574f5a6d2beb25"}
,"C:\\Users\\boran\\OneDrive\\Документи\\GitHub\\homeworks\\01-basic-challenges-1\\03-calculator\\calculator.js": {"path":"C:\\Users\\boran\\OneDrive\\Документи\\GitHub\\homeworks\\01-basic-challenges-1\\03-calculator\\calculator.js","statementMap":{"0":{"start":{"line":3,"column":0},"end":{"line":14,"column":1}},"1":{"start":{"line":4,"column":4},"end":{"line":4,"column":14}},"2":{"start":{"line":5,"column":7},"end":{"line":14,"column":1}},"3":{"start":{"line":6,"column":0},"end":{"line":6,"column":11}},"4":{"start":{"line":7,"column":7},"end":{"line":14,"column":1}},"5":{"start":{"line":8,"column":4},"end":{"line":8,"column":15}},"6":{"start":{"line":9,"column":7},"end":{"line":14,"column":1}},"7":{"start":{"line":10,"column":4},"end":{"line":10,"column":15}},"8":{"start":{"line":12,"column":7},"end":{"line":14,"column":1}},"9":{"start":{"line":13,"column":4},"end":{"line":13,"column":15}},"10":{"start":{"line":18,"column":0},"end":{"line":18,"column":28}}},"fnMap":{"0":{"name":"calculator","decl":{"start":{"line":1,"column":9},"end":{"line":1,"column":19}},"loc":{"start":{"line":1,"column":27},"end":{"line":15,"column":1}},"line":1}},"branchMap":{"0":{"loc":{"start":{"line":3,"column":0},"end":{"line":14,"column":1}},"type":"if","locations":[{"start":{"line":3,"column":0},"end":{"line":14,"column":1}},{"start":{"line":5,"column":7},"end":{"line":14,"column":1}}],"line":3},"1":{"loc":{"start":{"line":5,"column":7},"end":{"line":14,"column":1}},"type":"if","locations":[{"start":{"line":5,"column":7},"end":{"line":14,"column":1}},{"start":{"line":7,"column":7},"end":{"line":14,"column":1}}],"line":5},"2":{"loc":{"start":{"line":7,"column":7},"end":{"line":14,"column":1}},"type":"if","locations":[{"start":{"line":7,"column":7},"end":{"line":14,"column":1}},{"start":{"line":9,"column":7},"end":{"line":14,"column":1}}],"line":7},"3":{"loc":{"start":{"line":9,"column":7},"end":{"line":14,"column":1}},"type":"if","locations":[{"start":{"line":9,"column":7},"end":{"line":14,"column":1}},{"start":{"line":12,"column":7},"end":{"line":14,"column":1}}],"line":9},"4":{"loc":{"start":{"line":12,"column":7},"end":{"line":14,"column":1}},"type":"if","locations":[{"start":{"line":12,"column":7},"end":{"line":14,"column":1}},{"start":{},"end":{}}],"line":12}},"s":{"0":4,"1":1,"2":3,"3":1,"4":2,"5":1,"6":1,"7":0,"8":1,"9":1,"10":1},"f":{"0":4},"b":{"0":[1,3],"1":[1,2],"2":[1,1],"3":[0,1],"4":[1,0]},"_coverageSchema":"1a1c01bbd47fc00a2c39e90264f33305004495a9","hash":"34ba330ad3879be9a78792d9a47cb42f3494db68"}
,"C:\\Users\\boran\\OneDrive\\Документи\\GitHub\\homeworks\\01-basic-challenges-1\\04-count-occurrences\\count-occurrences.js": {"path":"C:\\Users\\boran\\OneDrive\\Документи\\GitHub\\homeworks\\01-basic-challenges-1\\04-count-occurrences\\count-occurrences.js","statementMap":{"0":{"start":{"line":2,"column":16},"end":{"line":2,"column":17}},"1":{"start":{"line":3,"column":4},"end":{"line":7,"column":5}},"2":{"start":{"line":3,"column":17},"end":{"line":3,"column":18}},"3":{"start":{"line":4,"column":8},"end":{"line":6,"column":9}},"4":{"start":{"line":5,"column":12},"end":{"line":5,"column":20}},"5":{"start":{"line":8,"column":4},"end":{"line":8,"column":17}},"6":{"start":{"line":11,"column":0},"end":{"line":11,"column":34}}},"fnMap":{"0":{"name":"countOccurrences","decl":{"start":{"line":1,"column":9},"end":{"line":1,"column":25}},"loc":{"start":{"line":1,"column":40},"end":{"line":9,"column":1}},"line":1}},"branchMap":{"0":{"loc":{"start":{"line":4,"column":8},"end":{"line":6,"column":9}},"type":"if","locations":[{"start":{"line":4,"column":8},"end":{"line":6,"column":9}},{"start":{},"end":{}}],"line":4}},"s":{"0":3,"1":3,"2":3,"3":22,"4":7,"5":3,"6":1},"f":{"0":3},"b":{"0":[7,15]},"_coverageSchema":"1a1c01bbd47fc00a2c39e90264f33305004495a9","hash":"7fc73a8bfd35f1551e4970b8c35086e553fbaf5c"}
,"C:\\Users\\boran\\OneDrive\\Документи\\GitHub\\homeworks\\01-basic-challenges-1\\05-find-max-number\\find-max-number.js": {"path":"C:\\Users\\boran\\OneDrive\\Документи\\GitHub\\homeworks\\01-basic-challenges-1\\05-find-max-number\\find-max-number.js","statementMap":{"0":{"start":{"line":2,"column":2},"end":{"line":2,"column":28}},"1":{"start":{"line":5,"column":0},"end":{"line":5,"column":31}}},"fnMap":{"0":{"name":"findMaxNumber","decl":{"start":{"line":1,"column":9},"end":{"line":1,"column":22}},"loc":{"start":{"line":1,"column":30},"end":{"line":3,"column":1}},"line":1}},"branchMap":{},"s":{"0":3,"1":1},"f":{"0":3},"b":{},"_coverageSchema":"1a1c01bbd47fc00a2c39e90264f33305004495a9","hash":"e1033e91c14d846e138ba1e01a8225a7919df793"}
,"C:\\Users\\boran\\OneDrive\\Документи\\GitHub\\homeworks\\01-basic-challenges-1\\06-title-case\\title-case.js": {"path":"C:\\Users\\boran\\OneDrive\\Документи\\GitHub\\homeworks\\01-basic-challenges-1\\06-title-case\\title-case.js","statementMap":{"0":{"start":{"line":2,"column":4},"end":{"line":5,"column":19}},"1":{"start":{"line":4,"column":23},"end":{"line":4,"column":74}},"2":{"start":{"line":8,"column":0},"end":{"line":8,"column":27}}},"fnMap":{"0":{"name":"titleCase","decl":{"start":{"line":1,"column":9},"end":{"line":1,"column":18}},"loc":{"start":{"line":1,"column":26},"end":{"line":6,"column":1}},"line":1},"1":{"name":"(anonymous_1)","decl":{"start":{"line":4,"column":13},"end":{"line":4,"column":14}},"loc":{"start":{"line":4,"column":23},"end":{"line":4,"column":74}},"line":4}},"branchMap":{},"s":{"0":3,"1":6,"2":1},"f":{"0":3,"1":6},"b":{},"_coverageSchema":"1a1c01bbd47fc00a2c39e90264f33305004495a9","hash":"8511b9637e497d2a30d2cf00633f26de17c004da"}
,"C:\\Users\\boran\\OneDrive\\Документи\\GitHub\\homeworks\\01-basic-challenges-1\\07-reverse-string\\reverse-string.js": {"path":"C:\\Users\\boran\\OneDrive\\Документи\\GitHub\\homeworks\\01-basic-challenges-1\\07-reverse-string\\reverse-string.js","statementMap":{"0":{"start":{"line":2,"column":1},"end":{"line":2,"column":43}},"1":{"start":{"line":5,"column":0},"end":{"line":5,"column":31}}},"fnMap":{"0":{"name":"reverseString","decl":{"start":{"line":1,"column":9},"end":{"line":1,"column":22}},"loc":{"start":{"line":1,"column":30},"end":{"line":3,"column":1}},"line":1}},"branchMap":{},"s":{"0":3,"1":1},"f":{"0":3},"b":{},"_coverageSchema":"1a1c01bbd47fc00a2c39e90264f33305004495a9","hash":"86d2fcc06b683a57af05ee8e78366d9b60a1189e"}
,"C:\\Users\\boran\\OneDrive\\Документи\\GitHub\\homeworks\\01-basic-challenges-1\\08-palindrome\\palindrome.js": {"path":"C:\\Users\\boran\\OneDrive\\Документи\\GitHub\\homeworks\\01-basic-challenges-1\\08-palindrome\\palindrome.js","statementMap":{"0":{"start":{"line":2,"column":23},"end":{"line":2,"column":71}},"1":{"start":{"line":3,"column":19},"end":{"line":3,"column":60}},"2":{"start":{"line":4,"column":2},"end":{"line":4,"column":35}},"3":{"start":{"line":7,"column":0},"end":{"line":7,"column":30}}},"fnMap":{"0":{"name":"isPalindrome","decl":{"start":{"line":1,"column":9},"end":{"line":1,"column":21}},"loc":{"start":{"line":1,"column":29},"end":{"line":5,"column":1}},"line":1}},"branchMap":{},"s":{"0":4,"1":4,"2":4,"3":1},"f":{"0":4},"b":{},"_coverageSchema":"1a1c01bbd47fc00a2c39e90264f33305004495a9","hash":"fb0d32529aa763644011806f3b773a6be2ccb9d0"}
,"C:\\Users\\boran\\OneDrive\\Документи\\GitHub\\homeworks\\01-basic-challenges-1\\09-count-vowels\\count-vowels.js": {"path":"C:\\Users\\boran\\OneDrive\\Документи\\GitHub\\homeworks\\01-basic-challenges-1\\09-count-vowels\\count-vowels.js","statementMap":{"0":{"start":{"line":2,"column":17},"end":{"line":2,"column":29}},"1":{"start":{"line":3,"column":14},"end":{"line":3,"column":15}},"2":{"start":{"line":4,"column":2},"end":{"line":8,"column":3}},"3":{"start":{"line":4,"column":15},"end":{"line":4,"column":16}},"4":{"start":{"line":5,"column":4},"end":{"line":7,"column":5}},"5":{"start":{"line":6,"column":6},"end":{"line":6,"column":14}},"6":{"start":{"line":9,"column":2},"end":{"line":9,"column":15}},"7":{"start":{"line":12,"column":0},"end":{"line":12,"column":29}}},"fnMap":{"0":{"name":"countVowels","decl":{"start":{"line":1,"column":9},"end":{"line":1,"column":20}},"loc":{"start":{"line":1,"column":26},"end":{"line":10,"column":1}},"line":1}},"branchMap":{"0":{"loc":{"start":{"line":5,"column":4},"end":{"line":7,"column":5}},"type":"if","locations":[{"start":{"line":5,"column":4},"end":{"line":7,"column":5}},{"start":{},"end":{}}],"line":5}},"s":{"0":4,"1":4,"2":4,"3":4,"4":53,"5":17,"6":4,"7":1},"f":{"0":4},"b":{"0":[17,36]},"_coverageSchema":"1a1c01bbd47fc00a2c39e90264f33305004495a9","hash":"867bc6dd9b228cd866efe2ff3305489492ceadab"}
,"C:\\Users\\boran\\OneDrive\\Документи\\GitHub\\homeworks\\01-basic-challenges-1\\10-remove-duplicates\\remove-duplicates.js": {"path":"C:\\Users\\boran\\OneDrive\\Документи\\GitHub\\homeworks\\01-basic-challenges-1\\10-remove-duplicates\\remove-duplicates.js","statementMap":{"0":{"start":{"line":2,"column":14},"end":{"line":2,"column":39}},"1":{"start":{"line":5,"column":0},"end":{"line":5,"column":34}}},"fnMap":{"0":{"name":"removeDuplicates","decl":{"start":{"line":1,"column":9},"end":{"line":1,"column":25}},"loc":{"start":{"line":1,"column":31},"end":{"line":3,"column":13}},"line":1}},"branchMap":{},"s":{"0":3,"1":1},"f":{"0":3},"b":{},"_coverageSchema":"1a1c01bbd47fc00a2c39e90264f33305004495a9","hash":"ca15411b9a498d321eaad3720a146c663cb3d198"}
,"C:\\Users\\boran\\OneDrive\\Документи\\GitHub\\homeworks\\02-basic-challenges-2\\01-fizzbuzz-array\\fizzbuzz-array.js": {"path":"C:\\Users\\boran\\OneDrive\\Документи\\GitHub\\homeworks\\02-basic-challenges-2\\01-fizzbuzz-array\\fizzbuzz-array.js","statementMap":{"0":{"start":{"line":2,"column":27},"end":{"line":2,"column":29}},"1":{"start":{"line":4,"column":14},"end":{"line":14,"column":15}},"2":{"start":{"line":4,"column":27},"end":{"line":4,"column":28}},"3":{"start":{"line":5,"column":16},"end":{"line":13,"column":17}},"4":{"start":{"line":6,"column":18},"end":{"line":6,"column":42}},"5":{"start":{"line":7,"column":23},"end":{"line":13,"column":17}},"6":{"start":{"line":8,"column":18},"end":{"line":8,"column":38}},"7":{"start":{"line":9,"column":23},"end":{"line":13,"column":17}},"8":{"start":{"line":10,"column":18},"end":{"line":10,"column":38}},"9":{"start":{"line":12,"column":18},"end":{"line":12,"column":33}},"10":{"start":{"line":16,"column":14},"end":{"line":16,"column":28}},"11":{"start":{"line":19,"column":0},"end":{"line":19,"column":31}}},"fnMap":{"0":{"name":"fizzBuzzArray","decl":{"start":{"line":1,"column":9},"end":{"line":1,"column":22}},"loc":{"start":{"line":1,"column":28},"end":{"line":17,"column":13}},"line":1}},"branchMap":{"0":{"loc":{"start":{"line":5,"column":16},"end":{"line":13,"column":17}},"type":"if","locations":[{"start":{"line":5,"column":16},"end":{"line":13,"column":17}},{"start":{"line":7,"column":23},"end":{"line":13,"column":17}}],"line":5},"1":{"loc":{"start":{"line":5,"column":20},"end":{"line":5,"column":46}},"type":"binary-expr","locations":[{"start":{"line":5,"column":20},"end":{"line":5,"column":31}},{"start":{"line":5,"column":35},"end":{"line":5,"column":46}}],"line":5},"2":{"loc":{"start":{"line":7,"column":23},"end":{"line":13,"column":17}},"type":"if","locations":[{"start":{"line":7,"column":23},"end":{"line":13,"column":17}},{"start":{"line":9,"column":23},"end":{"line":13,"column":17}}],"line":7},"3":{"loc":{"start":{"line":9,"column":23},"end":{"line":13,"column":17}},"type":"if","locations":[{"start":{"line":9,"column":23},"end":{"line":13,"column":17}},{"start":{"line":11,"column":23},"end":{"line":13,"column":17}}],"line":9}},"s":{"0":1,"1":1,"2":1,"3":15,"4":1,"5":14,"6":4,"7":10,"8":2,"9":8,"10":1,"11":1},"f":{"0":1},"b":{"0":[1,14],"1":[15,5],"2":[4,10],"3":[2,8]},"_coverageSchema":"1a1c01bbd47fc00a2c39e90264f33305004495a9","hash":"c69860002beb0cc9a285c0c8561345bd1f97945b"}
,"C:\\Users\\boran\\OneDrive\\Документи\\GitHub\\homeworks\\02-basic-challenges-2\\02-array-intersection\\array-intersection.js": {"path":"C:\\Users\\boran\\OneDrive\\Документи\\GitHub\\homeworks\\02-basic-challenges-2\\02-array-intersection\\array-intersection.js","statementMap":{"0":{"start":{"line":2,"column":2},"end":{"line":2,"column":54}},"1":{"start":{"line":2,"column":32},"end":{"line":2,"column":52}},"2":{"start":{"line":5,"column":0},"end":{"line":5,"column":35}}},"fnMap":{"0":{"name":"arrayIntersection","decl":{"start":{"line":1,"column":9},"end":{"line":1,"column":26}},"loc":{"start":{"line":1,"column":39},"end":{"line":3,"column":1}},"line":1},"1":{"name":"(anonymous_1)","decl":{"start":{"line":2,"column":21},"end":{"line":2,"column":22}},"loc":{"start":{"line":2,"column":32},"end":{"line":2,"column":52}},"line":2}},"branchMap":{},"s":{"0":3,"1":11,"2":1},"f":{"0":3,"1":11},"b":{},"_coverageSchema":"1a1c01bbd47fc00a2c39e90264f33305004495a9","hash":"d5c479f0bcdfcfd861d1b7c9e362aca6f7e70bb9"}
,"C:\\Users\\boran\\OneDrive\\Документи\\GitHub\\homeworks\\02-basic-challenges-2\\03-display-likes\\display-likes.js": {"path":"C:\\Users\\boran\\OneDrive\\Документи\\GitHub\\homeworks\\02-basic-challenges-2\\03-display-likes\\display-likes.js","statementMap":{"0":{"start":{"line":2,"column":19},"end":{"line":2,"column":31}},"1":{"start":{"line":4,"column":2},"end":{"line":14,"column":3}},"2":{"start":{"line":5,"column":4},"end":{"line":5,"column":31}},"3":{"start":{"line":6,"column":9},"end":{"line":14,"column":3}},"4":{"start":{"line":7,"column":4},"end":{"line":7,"column":36}},"5":{"start":{"line":8,"column":9},"end":{"line":14,"column":3}},"6":{"start":{"line":9,"column":4},"end":{"line":9,"column":51}},"7":{"start":{"line":10,"column":9},"end":{"line":14,"column":3}},"8":{"start":{"line":11,"column":4},"end":{"line":11,"column":64}},"9":{"start":{"line":13,"column":4},"end":{"line":13,"column":75}},"10":{"start":{"line":17,"column":0},"end":{"line":17,"column":30}}},"fnMap":{"0":{"name":"displayLikes","decl":{"start":{"line":1,"column":9},"end":{"line":1,"column":21}},"loc":{"start":{"line":1,"column":29},"end":{"line":15,"column":1}},"line":1}},"branchMap":{"0":{"loc":{"start":{"line":4,"column":2},"end":{"line":14,"column":3}},"type":"if","locations":[{"start":{"line":4,"column":2},"end":{"line":14,"column":3}},{"start":{"line":6,"column":9},"end":{"line":14,"column":3}}],"line":4},"1":{"loc":{"start":{"line":6,"column":9},"end":{"line":14,"column":3}},"type":"if","locations":[{"start":{"line":6,"column":9},"end":{"line":14,"column":3}},{"start":{"line":8,"column":9},"end":{"line":14,"column":3}}],"line":6},"2":{"loc":{"start":{"line":8,"column":9},"end":{"line":14,"column":3}},"type":"if","locations":[{"start":{"line":8,"column":9},"end":{"line":14,"column":3}},{"start":{"line":10,"column":9},"end":{"line":14,"column":3}}],"line":8},"3":{"loc":{"start":{"line":10,"column":9},"end":{"line":14,"column":3}},"type":"if","locations":[{"start":{"line":10,"column":9},"end":{"line":14,"column":3}},{"start":{"line":12,"column":9},"end":{"line":14,"column":3}}],"line":10}},"s":{"0":6,"1":6,"2":1,"3":5,"4":1,"5":4,"6":1,"7":3,"8":1,"9":2,"10":1},"f":{"0":6},"b":{"0":[1,5],"1":[1,4],"2":[1,3],"3":[1,2]},"_coverageSchema":"1a1c01bbd47fc00a2c39e90264f33305004495a9","hash":"43725856c979fa7d2d0cc7eff6ff9aec257bd040"}
,"C:\\Users\\boran\\OneDrive\\Документи\\GitHub\\homeworks\\02-basic-challenges-2\\04-find-missing-number\\find-missing-number.js": {"path":"C:\\Users\\boran\\OneDrive\\Документи\\GitHub\\homeworks\\02-basic-challenges-2\\04-find-missing-number\\find-missing-number.js","statementMap":{"0":{"start":{"line":2,"column":12},"end":{"line":2,"column":26}},"1":{"start":{"line":3,"column":22},"end":{"line":3,"column":39}},"2":{"start":{"line":4,"column":20},"end":{"line":4,"column":58}},"3":{"start":{"line":4,"column":45},"end":{"line":4,"column":54}},"4":{"start":{"line":6,"column":2},"end":{"line":6,"column":33}},"5":{"start":{"line":9,"column":0},"end":{"line":9,"column":35}}},"fnMap":{"0":{"name":"findMissingNumber","decl":{"start":{"line":1,"column":9},"end":{"line":1,"column":26}},"loc":{"start":{"line":1,"column":32},"end":{"line":7,"column":1}},"line":1},"1":{"name":"(anonymous_1)","decl":{"start":{"line":4,"column":31},"end":{"line":4,"column":32}},"loc":{"start":{"line":4,"column":45},"end":{"line":4,"column":54}},"line":4}},"branchMap":{},"s":{"0":3,"1":3,"2":3,"3":18,"4":3,"5":1},"f":{"0":3,"1":18},"b":{},"_coverageSchema":"1a1c01bbd47fc00a2c39e90264f33305004495a9","hash":"561ba7141fda95f46ee63183ce43f140de83f014"}
,"C:\\Users\\boran\\OneDrive\\Документи\\GitHub\\homeworks\\02-basic-challenges-2\\05-find-missing-letter\\find-missing-letter.js": {"path":"C:\\Users\\boran\\OneDrive\\Документи\\GitHub\\homeworks\\02-basic-challenges-2\\05-find-missing-letter\\find-missing-letter.js","statementMap":{"0":{"start":{"line":2,"column":2},"end":{"line":6,"column":3}},"1":{"start":{"line":2,"column":15},"end":{"line":2,"column":16}},"2":{"start":{"line":3,"column":4},"end":{"line":5,"column":5}},"3":{"start":{"line":4,"column":6},"end":{"line":4,"column":59}},"4":{"start":{"line":9,"column":0},"end":{"line":9,"column":35}}},"fnMap":{"0":{"name":"findMissingLetter","decl":{"start":{"line":1,"column":9},"end":{"line":1,"column":26}},"loc":{"start":{"line":1,"column":32},"end":{"line":7,"column":1}},"line":1}},"branchMap":{"0":{"loc":{"start":{"line":3,"column":4},"end":{"line":5,"column":5}},"type":"if","locations":[{"start":{"line":3,"column":4},"end":{"line":5,"column":5}},{"start":{},"end":{}}],"line":3}},"s":{"0":4,"1":4,"2":10,"3":4,"4":1},"f":{"0":4},"b":{"0":[4,6]},"_coverageSchema":"1a1c01bbd47fc00a2c39e90264f33305004495a9","hash":"a08511e8f9bec0167bdc61f3041677a967aa1857"}
,"C:\\Users\\boran\\OneDrive\\Документи\\GitHub\\homeworks\\02-basic-challenges-2\\06-are-all-chars-unique\\are-all-chars-unique.js": {"path":"C:\\Users\\boran\\OneDrive\\Документи\\GitHub\\homeworks\\02-basic-challenges-2\\06-are-all-chars-unique\\are-all-chars-unique.js","statementMap":{"0":{"start":{"line":2,"column":22},"end":{"line":2,"column":34}},"1":{"start":{"line":3,"column":2},"end":{"line":3,"column":41}},"2":{"start":{"line":6,"column":0},"end":{"line":6,"column":40}}},"fnMap":{"0":{"name":"areAllCharactersUnique","decl":{"start":{"line":1,"column":9},"end":{"line":1,"column":31}},"loc":{"start":{"line":1,"column":37},"end":{"line":4,"column":1}},"line":1}},"branchMap":{},"s":{"0":5,"1":5,"2":1},"f":{"0":5},"b":{},"_coverageSchema":"1a1c01bbd47fc00a2c39e90264f33305004495a9","hash":"57f01cd863f0b6dff68acd7f72c1a3d69fe16282"}
,"C:\\Users\\boran\\OneDrive\\Документи\\GitHub\\homeworks\\02-basic-challenges-2\\07-first-non-repeating\\first-non-repeating.js": {"path":"C:\\Users\\boran\\OneDrive\\Документи\\GitHub\\homeworks\\02-basic-challenges-2\\07-first-non-repeating\\first-non-repeating.js","statementMap":{"0":{"start":{"line":2,"column":32},"end":{"line":2,"column":34}},"1":{"start":{"line":3,"column":14},"end":{"line":5,"column":15}},"2":{"start":{"line":4,"column":16},"end":{"line":4,"column":61}},"3":{"start":{"line":6,"column":14},"end":{"line":10,"column":15}},"4":{"start":{"line":7,"column":16},"end":{"line":9,"column":17}},"5":{"start":{"line":8,"column":18},"end":{"line":8,"column":30}},"6":{"start":{"line":11,"column":14},"end":{"line":11,"column":26}},"7":{"start":{"line":14,"column":0},"end":{"line":14,"column":48}}},"fnMap":{"0":{"name":"findFirstNonRepeatingCharacter","decl":{"start":{"line":1,"column":9},"end":{"line":1,"column":39}},"loc":{"start":{"line":1,"column":45},"end":{"line":12,"column":13}},"line":1}},"branchMap":{"0":{"loc":{"start":{"line":4,"column":35},"end":{"line":4,"column":55}},"type":"binary-expr","locations":[{"start":{"line":4,"column":35},"end":{"line":4,"column":50}},{"start":{"line":4,"column":54},"end":{"line":4,"column":55}}],"line":4},"1":{"loc":{"start":{"line":7,"column":16},"end":{"line":9,"column":17}},"type":"if","locations":[{"start":{"line":7,"column":16},"end":{"line":9,"column":17}},{"start":{},"end":{}}],"line":7}},"s":{"0":3,"1":3,"2":26,"3":3,"4":10,"5":2,"6":1,"7":1},"f":{"0":3},"b":{"0":[26,17],"1":[2,8]},"_coverageSchema":"1a1c01bbd47fc00a2c39e90264f33305004495a9","hash":"041d883b2b4fc1244c77ec865b16298558bc7321"}
,"C:\\Users\\boran\\OneDrive\\Документи\\GitHub\\homeworks\\02-basic-challenges-2\\08-dice-game\\dice-game.js": {"path":"C:\\Users\\boran\\OneDrive\\Документи\\GitHub\\homeworks\\02-basic-challenges-2\\08-dice-game\\dice-game.js","statementMap":{"0":{"start":{"line":2,"column":18},"end":{"line":2,"column":20}},"1":{"start":{"line":3,"column":19},"end":{"line":3,"column":58}},"2":{"start":{"line":3,"column":25},"end":{"line":3,"column":58}},"3":{"start":{"line":5,"column":2},"end":{"line":23,"column":3}},"4":{"start":{"line":5,"column":15},"end":{"line":5,"column":16}},"5":{"start":{"line":6,"column":18},"end":{"line":6,"column":28}},"6":{"start":{"line":7,"column":18},"end":{"line":7,"column":28}},"7":{"start":{"line":8,"column":16},"end":{"line":8,"column":29}},"8":{"start":{"line":10,"column":4},"end":{"line":16,"column":5}},"9":{"start":{"line":11,"column":6},"end":{"line":11,"column":21}},"10":{"start":{"line":12,"column":11},"end":{"line":16,"column":5}},"11":{"start":{"line":13,"column":6},"end":{"line":13,"column":22}},"12":{"start":{"line":15,"column":6},"end":{"line":15,"column":28}},"13":{"start":{"line":17,"column":4},"end":{"line":22,"column":7}},"14":{"start":{"line":25,"column":2},"end":{"line":25,"column":17}},"15":{"start":{"line":28,"column":0},"end":{"line":28,"column":36}}},"fnMap":{"0":{"name":"diceGameSimulation","decl":{"start":{"line":1,"column":9},"end":{"line":1,"column":27}},"loc":{"start":{"line":1,"column":44},"end":{"line":26,"column":1}},"line":1},"1":{"name":"(anonymous_1)","decl":{"start":{"line":3,"column":19},"end":{"line":3,"column":20}},"loc":{"start":{"line":3,"column":25},"end":{"line":3,"column":58}},"line":3}},"branchMap":{"0":{"loc":{"start":{"line":10,"column":4},"end":{"line":16,"column":5}},"type":"if","locations":[{"start":{"line":10,"column":4},"end":{"line":16,"column":5}},{"start":{"line":12,"column":11},"end":{"line":16,"column":5}}],"line":10},"1":{"loc":{"start":{"line":10,"column":8},"end":{"line":10,"column":31}},"type":"binary-expr","locations":[{"start":{"line":10,"column":8},"end":{"line":10,"column":17}},{"start":{"line":10,"column":21},"end":{"line":10,"column":31}}],"line":10},"2":{"loc":{"start":{"line":12,"column":11},"end":{"line":16,"column":5}},"type":"if","locations":[{"start":{"line":12,"column":11},"end":{"line":16,"column":5}},{"start":{"line":14,"column":11},"end":{"line":16,"column":5}}],"line":12},"3":{"loc":{"start":{"line":12,"column":15},"end":{"line":12,"column":51}},"type":"binary-expr","locations":[{"start":{"line":12,"column":15},"end":{"line":12,"column":24}},{"start":{"line":12,"column":28},"end":{"line":12,"column":37}},{"start":{"line":12,"column":41},"end":{"line":12,"column":51}}],"line":12}},"s":{"0":1,"1":1,"2":200,"3":1,"4":1,"5":100,"6":100,"7":100,"8":100,"9":23,"10":77,"11":7,"12":70,"13":100,"14":1,"15":1},"f":{"0":1,"1":200},"b":{"0":[23,77],"1":[100,85],"2":[7,70],"3":[77,75,73]},"_coverageSchema":"1a1c01bbd47fc00a2c39e90264f33305004495a9","hash":"8cd87113be428fdcf018c8c1cd61d84eb7149f35"}
,"C:\\Users\\boran\\OneDrive\\Документи\\GitHub\\homeworks\\02-basic-challenges-2\\09-format-phone-number\\format-phone-number.js": {"path":"C:\\Users\\boran\\OneDrive\\Документи\\GitHub\\homeworks\\02-basic-challenges-2\\09-format-phone-number\\format-phone-number.js","statementMap":{"0":{"start":{"line":2,"column":14},"end":{"line":4,"column":15}},"1":{"start":{"line":3,"column":16},"end":{"line":3,"column":73}},"2":{"start":{"line":5,"column":38},"end":{"line":5,"column":174}},"3":{"start":{"line":7,"column":14},"end":{"line":7,"column":37}},"4":{"start":{"line":10,"column":0},"end":{"line":10,"column":35}}},"fnMap":{"0":{"name":"formatPhoneNumber","decl":{"start":{"line":1,"column":9},"end":{"line":1,"column":26}},"loc":{"start":{"line":1,"column":36},"end":{"line":8,"column":13}},"line":1}},"branchMap":{"0":{"loc":{"start":{"line":2,"column":14},"end":{"line":4,"column":15}},"type":"if","locations":[{"start":{"line":2,"column":14},"end":{"line":4,"column":15}},{"start":{},"end":{}}],"line":2}},"s":{"0":3,"1":0,"2":3,"3":3,"4":1},"f":{"0":3},"b":{"0":[0,3]},"_coverageSchema":"1a1c01bbd47fc00a2c39e90264f33305004495a9","hash":"2a64c966889f67920c0834323f233e0394188723"}
,"C:\\Users\\boran\\OneDrive\\Документи\\GitHub\\homeworks\\02-basic-challenges-2\\10-validate-email\\validate-email.js": {"path":"C:\\Users\\boran\\OneDrive\\Документи\\GitHub\\homeworks\\02-basic-challenges-2\\10-validate-email\\validate-email.js","statementMap":{"0":{"start":{"line":2,"column":24},"end":{"line":2,"column":42}},"1":{"start":{"line":3,"column":2},"end":{"line":5,"column":3}},"2":{"start":{"line":4,"column":4},"end":{"line":4,"column":16}},"3":{"start":{"line":6,"column":2},"end":{"line":6,"column":15}},"4":{"start":{"line":9,"column":0},"end":{"line":9,"column":31}}},"fnMap":{"0":{"name":"validateEmail","decl":{"start":{"line":1,"column":9},"end":{"line":1,"column":22}},"loc":{"start":{"line":1,"column":30},"end":{"line":7,"column":1}},"line":1}},"branchMap":{"0":{"loc":{"start":{"line":3,"column":2},"end":{"line":5,"column":3}},"type":"if","locations":[{"start":{"line":3,"column":2},"end":{"line":5,"column":3}},{"start":{},"end":{}}],"line":3},"1":{"loc":{"start":{"line":3,"column":6},"end":{"line":3,"column":76}},"type":"binary-expr","locations":[{"start":{"line":3,"column":6},"end":{"line":3,"column":23}},{"start":{"line":3,"column":27},"end":{"line":3,"column":76}}],"line":3}},"s":{"0":5,"1":5,"2":2,"3":3,"4":1},"f":{"0":5},"b":{"0":[2,3],"1":[5,3]},"_coverageSchema":"1a1c01bbd47fc00a2c39e90264f33305004495a9","hash":"4b5873432a8a5d1d44fb060e9ac5af19e82b2a70"}
,"C:\\Users\\boran\\OneDrive\\Документи\\GitHub\\homeworks\\03-high-order-array-methods\\02-sum-of-even-squares\\sum-of-even-squares.js": {"path":"C:\\Users\\boran\\OneDrive\\Документи\\GitHub\\homeworks\\03-high-order-array-methods\\02-sum-of-even-squares\\sum-of-even-squares.js","statementMap":{"0":{"start":{"line":2,"column":22},"end":{"line":2,"column":60}},"1":{"start":{"line":2,"column":46},"end":{"line":2,"column":59}},"2":{"start":{"line":3,"column":23},"end":{"line":3,"column":58}},"3":{"start":{"line":3,"column":48},"end":{"line":3,"column":57}},"4":{"start":{"line":4,"column":14},"end":{"line":4,"column":61}},"5":{"start":{"line":4,"column":48},"end":{"line":4,"column":57}},"6":{"start":{"line":6,"column":2},"end":{"line":6,"column":13}},"7":{"start":{"line":9,"column":0},"end":{"line":9,"column":34}}},"fnMap":{"0":{"name":"sumOfEvenSquares","decl":{"start":{"line":1,"column":9},"end":{"line":1,"column":25}},"loc":{"start":{"line":1,"column":35},"end":{"line":7,"column":1}},"line":1},"1":{"name":"(anonymous_1)","decl":{"start":{"line":2,"column":37},"end":{"line":2,"column":38}},"loc":{"start":{"line":2,"column":46},"end":{"line":2,"column":59}},"line":2},"2":{"name":"(anonymous_2)","decl":{"start":{"line":3,"column":39},"end":{"line":3,"column":40}},"loc":{"start":{"line":3,"column":48},"end":{"line":3,"column":57}},"line":3},"3":{"name":"(anonymous_3)","decl":{"start":{"line":4,"column":34},"end":{"line":4,"column":35}},"loc":{"start":{"line":4,"column":48},"end":{"line":4,"column":57}},"line":4}},"branchMap":{},"s":{"0":3,"1":11,"2":3,"3":5,"4":3,"5":5,"6":3,"7":1},"f":{"0":3,"1":11,"2":5,"3":5},"b":{},"_coverageSchema":"1a1c01bbd47fc00a2c39e90264f33305004495a9","hash":"6e2c000a0b337909c70ed38f1e38790602910ed4"}
,"C:\\Users\\boran\\OneDrive\\Документи\\GitHub\\homeworks\\03-high-order-array-methods\\03-calculate-total-sales\\calculate-total-sales.js": {"path":"C:\\Users\\boran\\OneDrive\\Документи\\GitHub\\homeworks\\03-high-order-array-methods\\03-calculate-total-sales\\calculate-total-sales.js","statementMap":{"0":{"start":{"line":3,"column":2},"end":{"line":6,"column":3}},"1":{"start":{"line":4,"column":4},"end":{"line":4,"column":48}},"2":{"start":{"line":5,"column":4},"end":{"line":5,"column":15}},"3":{"start":{"line":9,"column":2},"end":{"line":12,"column":3}},"4":{"start":{"line":10,"column":4},"end":{"line":10,"column":55}},"5":{"start":{"line":11,"column":4},"end":{"line":11,"column":15}},"6":{"start":{"line":14,"column":21},"end":{"line":25,"column":7}},"7":{"start":{"line":16,"column":4},"end":{"line":19,"column":5}},"8":{"start":{"line":17,"column":6},"end":{"line":17,"column":54}},"9":{"start":{"line":18,"column":6},"end":{"line":18,"column":17}},"10":{"start":{"line":21,"column":25},"end":{"line":21,"column":57}},"11":{"start":{"line":22,"column":4},"end":{"line":22,"column":132}},"12":{"start":{"line":24,"column":4},"end":{"line":24,"column":30}},"13":{"start":{"line":27,"column":2},"end":{"line":30,"column":3}},"14":{"start":{"line":28,"column":4},"end":{"line":28,"column":96}},"15":{"start":{"line":29,"column":4},"end":{"line":29,"column":15}},"16":{"start":{"line":32,"column":20},"end":{"line":32,"column":48}},"17":{"start":{"line":33,"column":28},"end":{"line":33,"column":50}},"18":{"start":{"line":35,"column":2},"end":{"line":35,"column":86}},"19":{"start":{"line":37,"column":2},"end":{"line":37,"column":27}},"20":{"start":{"line":40,"column":0},"end":{"line":40,"column":44}}},"fnMap":{"0":{"name":"calculateTotalSalesWithTax","decl":{"start":{"line":1,"column":9},"end":{"line":1,"column":35}},"loc":{"start":{"line":1,"column":55},"end":{"line":38,"column":1}},"line":1},"1":{"name":"(anonymous_1)","decl":{"start":{"line":14,"column":37},"end":{"line":14,"column":38}},"loc":{"start":{"line":14,"column":55},"end":{"line":25,"column":3}},"line":14}},"branchMap":{"0":{"loc":{"start":{"line":3,"column":2},"end":{"line":6,"column":3}},"type":"if","locations":[{"start":{"line":3,"column":2},"end":{"line":6,"column":3}},{"start":{},"end":{}}],"line":3},"1":{"loc":{"start":{"line":3,"column":6},"end":{"line":3,"column":51}},"type":"binary-expr","locations":[{"start":{"line":3,"column":6},"end":{"line":3,"column":33}},{"start":{"line":3,"column":37},"end":{"line":3,"column":51}}],"line":3},"2":{"loc":{"start":{"line":9,"column":2},"end":{"line":12,"column":3}},"type":"if","locations":[{"start":{"line":9,"column":2},"end":{"line":12,"column":3}},{"start":{},"end":{}}],"line":9},"3":{"loc":{"start":{"line":16,"column":4},"end":{"line":19,"column":5}},"type":"if","locations":[{"start":{"line":16,"column":4},"end":{"line":19,"column":5}},{"start":{},"end":{}}],"line":16},"4":{"loc":{"start":{"line":16,"column":8},"end":{"line":16,"column":81}},"type":"binary-expr","locations":[{"start":{"line":16,"column":8},"end":{"line":16,"column":41}},{"start":{"line":16,"column":45},"end":{"line":16,"column":81}}],"line":16},"5":{"loc":{"start":{"line":27,"column":2},"end":{"line":30,"column":3}},"type":"if","locations":[{"start":{"line":27,"column":2},"end":{"line":30,"column":3}},{"start":{},"end":{}}],"line":27}},"s":{"0":2,"1":0,"2":0,"3":2,"4":0,"5":0,"6":2,"7":7,"8":0,"9":0,"10":7,"11":7,"12":7,"13":2,"14":0,"15":0,"16":2,"17":2,"18":2,"19":2,"20":1},"f":{"0":2,"1":7},"b":{"0":[0,2],"1":[2,2],"2":[0,2],"3":[0,7],"4":[7,7],"5":[0,2]},"_coverageSchema":"1a1c01bbd47fc00a2c39e90264f33305004495a9","hash":"d5d57e24e411d3940f7d5ee56012e220dbad42c6"}
,"C:\\Users\\boran\\OneDrive\\Документи\\GitHub\\homeworks\\03-high-order-array-methods\\04-highest-scoring-word\\highest-scoring-word.js": {"path":"C:\\Users\\boran\\OneDrive\\Документи\\GitHub\\homeworks\\03-high-order-array-methods\\04-highest-scoring-word\\highest-scoring-word.js","statementMap":{"0":{"start":{"line":2,"column":16},"end":{"line":2,"column":28}},"1":{"start":{"line":4,"column":27},"end":{"line":4,"column":29}},"2":{"start":{"line":5,"column":21},"end":{"line":5,"column":22}},"3":{"start":{"line":6,"column":2},"end":{"line":14,"column":3}},"4":{"start":{"line":7,"column":18},"end":{"line":9,"column":64}},"5":{"start":{"line":9,"column":29},"end":{"line":9,"column":60}},"6":{"start":{"line":10,"column":4},"end":{"line":13,"column":5}},"7":{"start":{"line":11,"column":6},"end":{"line":11,"column":32}},"8":{"start":{"line":12,"column":6},"end":{"line":12,"column":27}},"9":{"start":{"line":16,"column":2},"end":{"line":16,"column":28}},"10":{"start":{"line":19,"column":0},"end":{"line":19,"column":36}}},"fnMap":{"0":{"name":"highestScoringWord","decl":{"start":{"line":1,"column":9},"end":{"line":1,"column":27}},"loc":{"start":{"line":1,"column":31},"end":{"line":17,"column":1}},"line":1},"1":{"name":"(anonymous_1)","decl":{"start":{"line":9,"column":14},"end":{"line":9,"column":15}},"loc":{"start":{"line":9,"column":29},"end":{"line":9,"column":60}},"line":9}},"branchMap":{"0":{"loc":{"start":{"line":10,"column":4},"end":{"line":13,"column":5}},"type":"if","locations":[{"start":{"line":10,"column":4},"end":{"line":13,"column":5}},{"start":{},"end":{}}],"line":10}},"s":{"0":3,"1":3,"2":3,"3":3,"4":17,"5":67,"6":17,"7":7,"8":7,"9":3,"10":1},"f":{"0":3,"1":67},"b":{"0":[7,10]},"_coverageSchema":"1a1c01bbd47fc00a2c39e90264f33305004495a9","hash":"b59a533e0b134675cae3c1f2f7b5254528202a3e"}
,"C:\\Users\\boran\\OneDrive\\Документи\\GitHub\\homeworks\\03-high-order-array-methods\\05-valid-anagrams\\valid-anagrams.js": {"path":"C:\\Users\\boran\\OneDrive\\Документи\\GitHub\\homeworks\\03-high-order-array-methods\\05-valid-anagrams\\valid-anagrams.js","statementMap":{"0":{"start":{"line":2,"column":14},"end":{"line":4,"column":15}},"1":{"start":{"line":3,"column":16},"end":{"line":3,"column":29}},"2":{"start":{"line":5,"column":30},"end":{"line":5,"column":32}},"3":{"start":{"line":6,"column":14},"end":{"line":8,"column":15}},"4":{"start":{"line":7,"column":16},"end":{"line":7,"column":57}},"5":{"start":{"line":9,"column":14},"end":{"line":14,"column":15}},"6":{"start":{"line":10,"column":16},"end":{"line":12,"column":17}},"7":{"start":{"line":11,"column":18},"end":{"line":11,"column":31}},"8":{"start":{"line":13,"column":16},"end":{"line":13,"column":32}},"9":{"start":{"line":15,"column":14},"end":{"line":15,"column":72}},"10":{"start":{"line":15,"column":59},"end":{"line":15,"column":70}},"11":{"start":{"line":19,"column":0},"end":{"line":19,"column":31}}},"fnMap":{"0":{"name":"validAnagrams","decl":{"start":{"line":1,"column":9},"end":{"line":1,"column":22}},"loc":{"start":{"line":1,"column":35},"end":{"line":16,"column":13}},"line":1},"1":{"name":"(anonymous_1)","decl":{"start":{"line":15,"column":50},"end":{"line":15,"column":51}},"loc":{"start":{"line":15,"column":59},"end":{"line":15,"column":70}},"line":15}},"branchMap":{"0":{"loc":{"start":{"line":2,"column":14},"end":{"line":4,"column":15}},"type":"if","locations":[{"start":{"line":2,"column":14},"end":{"line":4,"column":15}},{"start":{},"end":{}}],"line":2},"1":{"loc":{"start":{"line":7,"column":33},"end":{"line":7,"column":51}},"type":"binary-expr","locations":[{"start":{"line":7,"column":33},"end":{"line":7,"column":46}},{"start":{"line":7,"column":50},"end":{"line":7,"column":51}}],"line":7},"2":{"loc":{"start":{"line":10,"column":16},"end":{"line":12,"column":17}},"type":"if","locations":[{"start":{"line":10,"column":16},"end":{"line":12,"column":17}},{"start":{},"end":{}}],"line":10}},"s":{"0":4,"1":1,"2":3,"3":3,"4":21,"5":3,"6":17,"7":1,"8":16,"9":2,"10":14,"11":1},"f":{"0":4,"1":14},"b":{"0":[1,3],"1":[21,18],"2":[1,16]},"_coverageSchema":"1a1c01bbd47fc00a2c39e90264f33305004495a9","hash":"cbe33522b66be1761bd2111b0c804f64e6fead5c"}
,"C:\\Users\\boran\\OneDrive\\Документи\\GitHub\\homeworks\\03-high-order-array-methods\\06-hashtag-generator\\hashtag-generator.js": {"path":"C:\\Users\\boran\\OneDrive\\Документи\\GitHub\\homeworks\\03-high-order-array-methods\\06-hashtag-generator\\hashtag-generator.js","statementMap":{"0":{"start":{"line":2,"column":14},"end":{"line":2,"column":31}},"1":{"start":{"line":3,"column":14},"end":{"line":5,"column":15}},"2":{"start":{"line":4,"column":16},"end":{"line":4,"column":29}},"3":{"start":{"line":6,"column":28},"end":{"line":6,"column":114}},"4":{"start":{"line":6,"column":55},"end":{"line":6,"column":113}},"5":{"start":{"line":7,"column":30},"end":{"line":7,"column":50}},"6":{"start":{"line":8,"column":14},"end":{"line":10,"column":15}},"7":{"start":{"line":9,"column":16},"end":{"line":9,"column":29}},"8":{"start":{"line":11,"column":14},"end":{"line":11,"column":29}},"9":{"start":{"line":15,"column":0},"end":{"line":15,"column":33}}},"fnMap":{"0":{"name":"generateHashtag","decl":{"start":{"line":1,"column":9},"end":{"line":1,"column":24}},"loc":{"start":{"line":1,"column":30},"end":{"line":12,"column":13}},"line":1},"1":{"name":"(anonymous_1)","decl":{"start":{"line":6,"column":47},"end":{"line":6,"column":48}},"loc":{"start":{"line":6,"column":55},"end":{"line":6,"column":113}},"line":6}},"branchMap":{"0":{"loc":{"start":{"line":3,"column":14},"end":{"line":5,"column":15}},"type":"if","locations":[{"start":{"line":3,"column":14},"end":{"line":5,"column":15}},{"start":{},"end":{}}],"line":3},"1":{"loc":{"start":{"line":8,"column":14},"end":{"line":10,"column":15}},"type":"if","locations":[{"start":{"line":8,"column":14},"end":{"line":10,"column":15}},{"start":{},"end":{}}],"line":8}},"s":{"0":4,"1":4,"2":1,"3":3,"4":47,"5":3,"6":3,"7":1,"8":2,"9":1},"f":{"0":4,"1":47},"b":{"0":[1,3],"1":[1,2]},"_coverageSchema":"1a1c01bbd47fc00a2c39e90264f33305004495a9","hash":"86f274d7b9116ec1c107a90a84e19010aed95a5f"}
,"C:\\Users\\boran\\OneDrive\\Документи\\GitHub\\homeworks\\03-high-order-array-methods\\07-valid-ipv4\\valid-ipv4.js": {"path":"C:\\Users\\boran\\OneDrive\\Документи\\GitHub\\homeworks\\03-high-order-array-methods\\07-valid-ipv4\\valid-ipv4.js","statementMap":{"0":{"start":{"line":2,"column":17},"end":{"line":2,"column":31}},"1":{"start":{"line":3,"column":2},"end":{"line":5,"column":3}},"2":{"start":{"line":4,"column":4},"end":{"line":4,"column":17}},"3":{"start":{"line":6,"column":2},"end":{"line":18,"column":3}},"4":{"start":{"line":6,"column":15},"end":{"line":6,"column":16}},"5":{"start":{"line":7,"column":18},"end":{"line":7,"column":27}},"6":{"start":{"line":8,"column":4},"end":{"line":10,"column":5}},"7":{"start":{"line":9,"column":6},"end":{"line":9,"column":19}},"8":{"start":{"line":11,"column":16},"end":{"line":11,"column":35}},"9":{"start":{"line":12,"column":4},"end":{"line":14,"column":5}},"10":{"start":{"line":13,"column":6},"end":{"line":13,"column":19}},"11":{"start":{"line":15,"column":4},"end":{"line":17,"column":5}},"12":{"start":{"line":16,"column":6},"end":{"line":16,"column":19}},"13":{"start":{"line":19,"column":2},"end":{"line":19,"column":14}},"14":{"start":{"line":22,"column":0},"end":{"line":22,"column":29}}},"fnMap":{"0":{"name":"isValidIPv4","decl":{"start":{"line":1,"column":9},"end":{"line":1,"column":20}},"loc":{"start":{"line":1,"column":26},"end":{"line":20,"column":1}},"line":1}},"branchMap":{"0":{"loc":{"start":{"line":3,"column":2},"end":{"line":5,"column":3}},"type":"if","locations":[{"start":{"line":3,"column":2},"end":{"line":5,"column":3}},{"start":{},"end":{}}],"line":3},"1":{"loc":{"start":{"line":8,"column":4},"end":{"line":10,"column":5}},"type":"if","locations":[{"start":{"line":8,"column":4},"end":{"line":10,"column":5}},{"start":{},"end":{}}],"line":8},"2":{"loc":{"start":{"line":12,"column":4},"end":{"line":14,"column":5}},"type":"if","locations":[{"start":{"line":12,"column":4},"end":{"line":14,"column":5}},{"start":{},"end":{}}],"line":12},"3":{"loc":{"start":{"line":12,"column":8},"end":{"line":12,"column":28}},"type":"binary-expr","locations":[{"start":{"line":12,"column":8},"end":{"line":12,"column":15}},{"start":{"line":12,"column":19},"end":{"line":12,"column":28}}],"line":12},"4":{"loc":{"start":{"line":15,"column":4},"end":{"line":17,"column":5}},"type":"if","locations":[{"start":{"line":15,"column":4},"end":{"line":17,"column":5}},{"start":{},"end":{}}],"line":15},"5":{"loc":{"start":{"line":15,"column":8},"end":{"line":15,"column":46}},"type":"binary-expr","locations":[{"start":{"line":15,"column":8},"end":{"line":15,"column":21}},{"start":{"line":15,"column":25},"end":{"line":15,"column":46}}],"line":15}},"s":{"0":6,"1":6,"2":2,"3":4,"4":4,"5":12,"6":12,"7":0,"8":12,"9":12,"10":1,"11":11,"12":1,"13":2,"14":1},"f":{"0":6},"b":{"0":[2,4],"1":[0,12],"2":[1,11],"3":[12,12],"4":[1,10],"5":[11,11]},"_coverageSchema":"1a1c01bbd47fc00a2c39e90264f33305004495a9","hash":"8f65347ccba0b2b40515b37a329479a8dca62516"}
,"C:\\Users\\boran\\OneDrive\\Документи\\GitHub\\homeworks\\03-high-order-array-methods\\08-analyze-car-milage\\analyze-car-milage.js": {"path":"C:\\Users\\boran\\OneDrive\\Документи\\GitHub\\homeworks\\03-high-order-array-methods\\08-analyze-car-milage\\analyze-car-milage.js","statementMap":{"0":{"start":{"line":2,"column":35},"end":{"line":2,"column":82}},"1":{"start":{"line":2,"column":61},"end":{"line":2,"column":78}},"2":{"start":{"line":3,"column":37},"end":{"line":3,"column":63}},"3":{"start":{"line":4,"column":40},"end":{"line":6,"column":15}},"4":{"start":{"line":5,"column":16},"end":{"line":5,"column":61}},"5":{"start":{"line":7,"column":39},"end":{"line":9,"column":15}},"6":{"start":{"line":8,"column":16},"end":{"line":8,"column":59}},"7":{"start":{"line":10,"column":14},"end":{"line":15,"column":16}},"8":{"start":{"line":19,"column":0},"end":{"line":19,"column":35}}},"fnMap":{"0":{"name":"analyzeCarMileage","decl":{"start":{"line":1,"column":9},"end":{"line":1,"column":26}},"loc":{"start":{"line":1,"column":33},"end":{"line":16,"column":13}},"line":1},"1":{"name":"(anonymous_1)","decl":{"start":{"line":2,"column":47},"end":{"line":2,"column":48}},"loc":{"start":{"line":2,"column":61},"end":{"line":2,"column":78}},"line":2},"2":{"name":"(anonymous_2)","decl":{"start":{"line":4,"column":52},"end":{"line":4,"column":53}},"loc":{"start":{"line":5,"column":16},"end":{"line":5,"column":61}},"line":5},"3":{"name":"(anonymous_3)","decl":{"start":{"line":7,"column":51},"end":{"line":7,"column":52}},"loc":{"start":{"line":8,"column":16},"end":{"line":8,"column":59}},"line":8}},"branchMap":{"0":{"loc":{"start":{"line":5,"column":16},"end":{"line":5,"column":61}},"type":"cond-expr","locations":[{"start":{"line":5,"column":48},"end":{"line":5,"column":51}},{"start":{"line":5,"column":54},"end":{"line":5,"column":61}}],"line":5},"1":{"loc":{"start":{"line":8,"column":16},"end":{"line":8,"column":59}},"type":"cond-expr","locations":[{"start":{"line":8,"column":47},"end":{"line":8,"column":50}},{"start":{"line":8,"column":53},"end":{"line":8,"column":59}}],"line":8}},"s":{"0":1,"1":3,"2":1,"3":1,"4":2,"5":1,"6":2,"7":1,"8":1},"f":{"0":1,"1":3,"2":2,"3":2},"b":{"0":[1,1],"1":[1,1]},"_coverageSchema":"1a1c01bbd47fc00a2c39e90264f33305004495a9","hash":"bc01364b227c32b8441e8ae9b076c7cec65c807b"}
,"C:\\Users\\boran\\OneDrive\\Документи\\GitHub\\homeworks\\03-high-order-array-methods\\09-password-validator\\password-validator.js": {"path":"C:\\Users\\boran\\OneDrive\\Документи\\GitHub\\homeworks\\03-high-order-array-methods\\09-password-validator\\password-validator.js","statementMap":{"0":{"start":{"line":2,"column":2},"end":{"line":4,"column":3}},"1":{"start":{"line":3,"column":4},"end":{"line":3,"column":17}},"2":{"start":{"line":5,"column":23},"end":{"line":5,"column":45}},"3":{"start":{"line":6,"column":23},"end":{"line":6,"column":45}},"4":{"start":{"line":7,"column":19},"end":{"line":7,"column":38}},"5":{"start":{"line":8,"column":2},"end":{"line":8,"column":50}},"6":{"start":{"line":11,"column":0},"end":{"line":11,"column":34}}},"fnMap":{"0":{"name":"validatePassword","decl":{"start":{"line":1,"column":9},"end":{"line":1,"column":25}},"loc":{"start":{"line":1,"column":36},"end":{"line":9,"column":1}},"line":1}},"branchMap":{"0":{"loc":{"start":{"line":2,"column":2},"end":{"line":4,"column":3}},"type":"if","locations":[{"start":{"line":2,"column":2},"end":{"line":4,"column":3}},{"start":{},"end":{}}],"line":2},"1":{"loc":{"start":{"line":8,"column":9},"end":{"line":8,"column":49}},"type":"binary-expr","locations":[{"start":{"line":8,"column":9},"end":{"line":8,"column":21}},{"start":{"line":8,"column":25},"end":{"line":8,"column":37}},{"start":{"line":8,"column":41},"end":{"line":8,"column":49}}],"line":8}},"s":{"0":4,"1":1,"2":3,"3":3,"4":3,"5":3,"6":1},"f":{"0":4},"b":{"0":[1,3],"1":[3,2,2]},"_coverageSchema":"1a1c01bbd47fc00a2c39e90264f33305004495a9","hash":"9c4eeb09dd649ec0ede9230db5950c39c5505931"}
,"C:\\Users\\boran\\OneDrive\\Документи\\GitHub\\homeworks\\03-high-order-array-methods\\10-find-missing-letter-refactor\\find-missing-letter-refactor.js": {"path":"C:\\Users\\boran\\OneDrive\\Документи\\GitHub\\homeworks\\03-high-order-array-methods\\10-find-missing-letter-refactor\\find-missing-letter-refactor.js","statementMap":{"0":{"start":{"line":2,"column":20},"end":{"line":2,"column":59}},"1":{"start":{"line":2,"column":40},"end":{"line":2,"column":58}},"2":{"start":{"line":3,"column":2},"end":{"line":7,"column":3}},"3":{"start":{"line":3,"column":15},"end":{"line":3,"column":16}},"4":{"start":{"line":4,"column":4},"end":{"line":6,"column":5}},"5":{"start":{"line":5,"column":6},"end":{"line":5,"column":51}},"6":{"start":{"line":10,"column":0},"end":{"line":10,"column":35}}},"fnMap":{"0":{"name":"findMissingLetter","decl":{"start":{"line":1,"column":9},"end":{"line":1,"column":26}},"loc":{"start":{"line":1,"column":34},"end":{"line":8,"column":1}},"line":1},"1":{"name":"(anonymous_1)","decl":{"start":{"line":2,"column":30},"end":{"line":2,"column":31}},"loc":{"start":{"line":2,"column":40},"end":{"line":2,"column":58}},"line":2}},"branchMap":{"0":{"loc":{"start":{"line":4,"column":4},"end":{"line":6,"column":5}},"type":"if","locations":[{"start":{"line":4,"column":4},"end":{"line":6,"column":5}},{"start":{},"end":{}}],"line":4}},"s":{"0":4,"1":15,"2":4,"3":4,"4":10,"5":4,"6":1},"f":{"0":4,"1":15},"b":{"0":[4,6]},"_coverageSchema":"1a1c01bbd47fc00a2c39e90264f33305004495a9","hash":"9b53be44aef3d797c0d6a01465c88bfeff1cae86"}
}
