{"C:\\Users\\boran\\OneDrive\\Документи\\GitHub\\homeworks\\01-basic-challenges-1\\01-hello-world\\hello-world.js": {"path":"C:\\Users\\boran\\OneDrive\\Документи\\GitHub\\homeworks\\01-basic-challenges-1\\01-hello-world\\hello-world.js","statementMap":{"0":{"start":{"line":2,"column":4},"end":{"line":2,"column":25}},"1":{"start":{"line":5,"column":0},"end":{"line":5,"column":28}}},"fnMap":{"0":{"name":"helloWorld","decl":{"start":{"line":1,"column":9},"end":{"line":1,"column":19}},"loc":{"start":{"line":1,"column":22},"end":{"line":3,"column":1}},"line":1}},"branchMap":{},"s":{"0":1,"1":1},"f":{"0":1},"b":{},"_coverageSchema":"1a1c01bbd47fc00a2c39e90264f33305004495a9","hash":"afb848301aa7949ea21f83baeee492f8ea2cdf1f"}
,"C:\\Users\\boran\\OneDrive\\Документи\\GitHub\\homeworks\\01-basic-challenges-1\\02-get-sum\\get-sum.js": {"path":"C:\\Users\\boran\\OneDrive\\Документи\\GitHub\\homeworks\\01-basic-challenges-1\\02-get-sum\\get-sum.js","statementMap":{"0":{"start":{"line":2,"column":0},"end":{"line":2,"column":11}},"1":{"start":{"line":5,"column":0},"end":{"line":5,"column":24}}},"fnMap":{"0":{"name":"getSum","decl":{"start":{"line":1,"column":9},"end":{"line":1,"column":15}},"loc":{"start":{"line":1,"column":21},"end":{"line":3,"column":1}},"line":1}},"branchMap":{},"s":{"0":1,"1":1},"f":{"0":1},"b":{},"_coverageSchema":"1a1c01bbd47fc00a2c39e90264f33305004495a9","hash":"ffb8a8c02d011a07358e93b399574f5a6d2beb25"}
,"C:\\Users\\boran\\OneDrive\\Документи\\GitHub\\homeworks\\01-basic-challenges-1\\03-calculator\\calculator.js": {"path":"C:\\Users\\boran\\OneDrive\\Документи\\GitHub\\homeworks\\01-basic-challenges-1\\03-calculator\\calculator.js","statementMap":{"0":{"start":{"line":3,"column":0},"end":{"line":14,"column":1}},"1":{"start":{"line":4,"column":4},"end":{"line":4,"column":14}},"2":{"start":{"line":5,"column":7},"end":{"line":14,"column":1}},"3":{"start":{"line":6,"column":0},"end":{"line":6,"column":11}},"4":{"start":{"line":7,"column":7},"end":{"line":14,"column":1}},"5":{"start":{"line":8,"column":4},"end":{"line":8,"column":15}},"6":{"start":{"line":9,"column":7},"end":{"line":14,"column":1}},"7":{"start":{"line":10,"column":4},"end":{"line":10,"column":15}},"8":{"start":{"line":12,"column":7},"end":{"line":14,"column":1}},"9":{"start":{"line":13,"column":4},"end":{"line":13,"column":15}},"10":{"start":{"line":18,"column":0},"end":{"line":18,"column":28}}},"fnMap":{"0":{"name":"calculator","decl":{"start":{"line":1,"column":9},"end":{"line":1,"column":19}},"loc":{"start":{"line":1,"column":27},"end":{"line":15,"column":1}},"line":1}},"branchMap":{"0":{"loc":{"start":{"line":3,"column":0},"end":{"line":14,"column":1}},"type":"if","locations":[{"start":{"line":3,"column":0},"end":{"line":14,"column":1}},{"start":{"line":5,"column":7},"end":{"line":14,"column":1}}],"line":3},"1":{"loc":{"start":{"line":5,"column":7},"end":{"line":14,"column":1}},"type":"if","locations":[{"start":{"line":5,"column":7},"end":{"line":14,"column":1}},{"start":{"line":7,"column":7},"end":{"line":14,"column":1}}],"line":5},"2":{"loc":{"start":{"line":7,"column":7},"end":{"line":14,"column":1}},"type":"if","locations":[{"start":{"line":7,"column":7},"end":{"line":14,"column":1}},{"start":{"line":9,"column":7},"end":{"line":14,"column":1}}],"line":7},"3":{"loc":{"start":{"line":9,"column":7},"end":{"line":14,"column":1}},"type":"if","locations":[{"start":{"line":9,"column":7},"end":{"line":14,"column":1}},{"start":{"line":12,"column":7},"end":{"line":14,"column":1}}],"line":9},"4":{"loc":{"start":{"line":12,"column":7},"end":{"line":14,"column":1}},"type":"if","locations":[{"start":{"line":12,"column":7},"end":{"line":14,"column":1}},{"start":{},"end":{}}],"line":12}},"s":{"0":4,"1":1,"2":3,"3":1,"4":2,"5":1,"6":1,"7":0,"8":1,"9":1,"10":1},"f":{"0":4},"b":{"0":[1,3],"1":[1,2],"2":[1,1],"3":[0,1],"4":[1,0]},"_coverageSchema":"1a1c01bbd47fc00a2c39e90264f33305004495a9","hash":"34ba330ad3879be9a78792d9a47cb42f3494db68"}
}
