TN:
SF:01-basic-challenges-1\01-hello-world\hello-world.js
FN:1,helloWorld
FNF:1
FNH:1
FNDA:1,helloWorld
DA:2,1
DA:5,1
LF:2
LH:2
BRF:0
BRH:0
end_of_record
TN:
SF:01-basic-challenges-1\02-get-sum\get-sum.js
FN:1,getSum
FNF:1
FNH:1
FNDA:1,getSum
DA:2,1
DA:5,1
LF:2
LH:2
BRF:0
BRH:0
end_of_record
TN:
SF:01-basic-challenges-1\03-calculator\calculator.js
FN:1,calculator
FNF:1
FNH:1
FNDA:4,calculator
DA:3,4
DA:4,1
DA:5,3
DA:6,1
DA:7,2
DA:8,1
DA:9,1
DA:10,0
DA:12,1
DA:13,1
DA:18,1
LF:11
LH:10
BRDA:3,0,0,1
BRDA:3,0,1,3
BRDA:5,1,0,1
BRDA:5,1,1,2
BRDA:7,2,0,1
BRDA:7,2,1,1
BRDA:9,3,0,0
BRDA:9,3,1,1
BRDA:12,4,0,1
BRDA:12,4,1,0
BRF:10
BRH:8
end_of_record
TN:
SF:01-basic-challenges-1\04-count-occurrences\count-occurrences.js
FN:1,countOccurrences
FNF:1
FNH:1
FNDA:3,countOccurrences
DA:2,3
DA:3,3
DA:4,22
DA:5,7
DA:8,3
DA:11,1
LF:6
LH:6
BRDA:4,0,0,7
BRDA:4,0,1,15
BRF:2
BRH:2
end_of_record
TN:
SF:01-basic-challenges-1\05-find-max-number\find-max-number.js
FN:1,findMaxNumber
FNF:1
FNH:1
FNDA:3,findMaxNumber
DA:2,3
DA:5,1
LF:2
LH:2
BRF:0
BRH:0
end_of_record
TN:
SF:01-basic-challenges-1\06-title-case\title-case.js
FN:1,titleCase
FN:4,(anonymous_1)
FNF:2
FNH:2
FNDA:3,titleCase
FNDA:6,(anonymous_1)
DA:2,3
DA:4,6
DA:8,1
LF:3
LH:3
BRF:0
BRH:0
end_of_record
TN:
SF:01-basic-challenges-1\07-reverse-string\reverse-string.js
FN:1,reverseString
FNF:1
FNH:1
FNDA:3,reverseString
DA:2,3
DA:5,1
LF:2
LH:2
BRF:0
BRH:0
end_of_record
TN:
SF:01-basic-challenges-1\08-palindrome\palindrome.js
FN:1,isPalindrome
FNF:1
FNH:1
FNDA:4,isPalindrome
DA:2,4
DA:3,4
DA:4,4
DA:7,1
LF:4
LH:4
BRF:0
BRH:0
end_of_record
TN:
SF:01-basic-challenges-1\09-count-vowels\count-vowels.js
FN:1,countVowels
FNF:1
FNH:1
FNDA:4,countVowels
DA:2,4
DA:3,4
DA:4,4
DA:5,53
DA:6,17
DA:9,4
DA:12,1
LF:7
LH:7
BRDA:5,0,0,17
BRDA:5,0,1,36
BRF:2
BRH:2
end_of_record
TN:
SF:01-basic-challenges-1\10-remove-duplicates\remove-duplicates.js
FN:1,removeDuplicates
FNF:1
FNH:1
FNDA:3,removeDuplicates
DA:2,3
DA:5,1
LF:2
LH:2
BRF:0
BRH:0
end_of_record
TN:
SF:02-basic-challenges-2\01-fizzbuzz-array\fizzbuzz-array.js
FN:1,fizzBuzzArray
FNF:1
FNH:1
FNDA:1,fizzBuzzArray
DA:2,1
DA:4,1
DA:5,15
DA:6,1
DA:7,14
DA:8,4
DA:9,10
DA:10,2
DA:12,8
DA:16,1
DA:19,1
LF:11
LH:11
BRDA:5,0,0,1
BRDA:5,0,1,14
BRDA:5,1,0,15
BRDA:5,1,1,5
BRDA:7,2,0,4
BRDA:7,2,1,10
BRDA:9,3,0,2
BRDA:9,3,1,8
BRF:8
BRH:8
end_of_record
TN:
SF:02-basic-challenges-2\02-array-intersection\array-intersection.js
FN:1,arrayIntersection
FN:2,(anonymous_1)
FNF:2
FNH:2
FNDA:3,arrayIntersection
FNDA:11,(anonymous_1)
DA:2,11
DA:5,1
LF:2
LH:2
BRF:0
BRH:0
end_of_record
TN:
SF:02-basic-challenges-2\03-display-likes\display-likes.js
FN:1,displayLikes
FNF:1
FNH:1
FNDA:6,displayLikes
DA:2,6
DA:4,6
DA:5,1
DA:6,5
DA:7,1
DA:8,4
DA:9,1
DA:10,3
DA:11,1
DA:13,2
DA:17,1
LF:11
LH:11
BRDA:4,0,0,1
BRDA:4,0,1,5
BRDA:6,1,0,1
BRDA:6,1,1,4
BRDA:8,2,0,1
BRDA:8,2,1,3
BRDA:10,3,0,1
BRDA:10,3,1,2
BRF:8
BRH:8
end_of_record
TN:
SF:02-basic-challenges-2\04-find-missing-number\find-missing-number.js
FN:1,findMissingNumber
FN:4,(anonymous_1)
FNF:2
FNH:2
FNDA:3,findMissingNumber
FNDA:18,(anonymous_1)
DA:2,3
DA:3,3
DA:4,18
DA:6,3
DA:9,1
LF:5
LH:5
BRF:0
BRH:0
end_of_record
TN:
SF:02-basic-challenges-2\05-find-missing-letter\find-missing-letter.js
FN:1,findMissingLetter
FNF:1
FNH:1
FNDA:4,findMissingLetter
DA:2,4
DA:3,10
DA:4,4
DA:9,1
LF:4
LH:4
BRDA:3,0,0,4
BRDA:3,0,1,6
BRF:2
BRH:2
end_of_record
TN:
SF:02-basic-challenges-2\06-are-all-chars-unique\are-all-chars-unique.js
FN:1,areAllCharactersUnique
FNF:1
FNH:1
FNDA:5,areAllCharactersUnique
DA:2,5
DA:3,5
DA:6,1
LF:3
LH:3
BRF:0
BRH:0
end_of_record
TN:
SF:02-basic-challenges-2\07-first-non-repeating\first-non-repeating.js
FN:1,findFirstNonRepeatingCharacter
FNF:1
FNH:1
FNDA:3,findFirstNonRepeatingCharacter
DA:2,3
DA:3,3
DA:4,26
DA:6,3
DA:7,10
DA:8,2
DA:11,1
DA:14,1
LF:8
LH:8
BRDA:4,0,0,26
BRDA:4,0,1,17
BRDA:7,1,0,2
BRDA:7,1,1,8
BRF:4
BRH:4
end_of_record
TN:
SF:02-basic-challenges-2\08-dice-game\dice-game.js
FN:1,diceGameSimulation
FN:3,(anonymous_1)
FNF:2
FNH:2
FNDA:1,diceGameSimulation
FNDA:200,(anonymous_1)
DA:2,1
DA:3,200
DA:5,1
DA:6,100
DA:7,100
DA:8,100
DA:10,100
DA:11,23
DA:12,77
DA:13,7
DA:15,70
DA:17,100
DA:25,1
DA:28,1
LF:14
LH:14
BRDA:10,0,0,23
BRDA:10,0,1,77
BRDA:10,1,0,100
BRDA:10,1,1,85
BRDA:12,2,0,7
BRDA:12,2,1,70
BRDA:12,3,0,77
BRDA:12,3,1,75
BRDA:12,3,2,73
BRF:9
BRH:9
end_of_record
TN:
SF:02-basic-challenges-2\09-format-phone-number\format-phone-number.js
FN:1,formatPhoneNumber
FNF:1
FNH:1
FNDA:3,formatPhoneNumber
DA:2,3
DA:3,0
DA:5,3
DA:7,3
DA:10,1
LF:5
LH:4
BRDA:2,0,0,0
BRDA:2,0,1,3
BRF:2
BRH:1
end_of_record
TN:
SF:02-basic-challenges-2\10-validate-email\validate-email.js
FN:1,validateEmail
FNF:1
FNH:1
FNDA:5,validateEmail
DA:2,5
DA:3,5
DA:4,2
DA:6,3
DA:9,1
LF:5
LH:5
BRDA:3,0,0,2
BRDA:3,0,1,3
BRDA:3,1,0,5
BRDA:3,1,1,3
BRF:4
BRH:4
end_of_record
TN:
SF:03-high-order-array-methods\02-sum-of-even-squares\sum-of-even-squares.js
FN:1,sumOfEvenSquares
FN:2,(anonymous_1)
FN:3,(anonymous_2)
FN:4,(anonymous_3)
FNF:4
FNH:4
FNDA:3,sumOfEvenSquares
FNDA:11,(anonymous_1)
FNDA:5,(anonymous_2)
FNDA:5,(anonymous_3)
DA:2,11
DA:3,5
DA:4,5
DA:6,3
DA:9,1
LF:5
LH:5
BRF:0
BRH:0
end_of_record
TN:
SF:03-high-order-array-methods\03-calculate-total-sales\calculate-total-sales.js
FN:1,calculateTotalSalesWithTax
FN:14,(anonymous_1)
FNF:2
FNH:2
FNDA:2,calculateTotalSalesWithTax
FNDA:7,(anonymous_1)
DA:3,2
DA:4,0
DA:5,0
DA:9,2
DA:10,0
DA:11,0
DA:14,2
DA:16,7
DA:17,0
DA:18,0
DA:21,7
DA:22,7
DA:24,7
DA:27,2
DA:28,0
DA:29,0
DA:32,2
DA:33,2
DA:35,2
DA:37,2
DA:40,1
LF:21
LH:13
BRDA:3,0,0,0
BRDA:3,0,1,2
BRDA:3,1,0,2
BRDA:3,1,1,2
BRDA:9,2,0,0
BRDA:9,2,1,2
BRDA:16,3,0,0
BRDA:16,3,1,7
BRDA:16,4,0,7
BRDA:16,4,1,7
BRDA:27,5,0,0
BRDA:27,5,1,2
BRF:12
BRH:8
end_of_record
TN:
SF:03-high-order-array-methods\04-highest-scoring-word\highest-scoring-word.js
FN:1,highestScoringWord
FN:9,(anonymous_1)
FNF:2
FNH:2
FNDA:3,highestScoringWord
FNDA:67,(anonymous_1)
DA:2,3
DA:4,3
DA:5,3
DA:6,3
DA:7,17
DA:9,67
DA:10,17
DA:11,7
DA:12,7
DA:16,3
DA:19,1
LF:11
LH:11
BRDA:10,0,0,7
BRDA:10,0,1,10
BRF:2
BRH:2
end_of_record
TN:
SF:03-high-order-array-methods\05-valid-anagrams\valid-anagrams.js
FN:1,validAnagrams
FN:15,(anonymous_1)
FNF:2
FNH:2
FNDA:4,validAnagrams
FNDA:14,(anonymous_1)
DA:2,4
DA:3,1
DA:5,3
DA:6,3
DA:7,21
DA:9,3
DA:10,17
DA:11,1
DA:13,16
DA:15,14
DA:19,1
LF:11
LH:11
BRDA:2,0,0,1
BRDA:2,0,1,3
BRDA:7,1,0,21
BRDA:7,1,1,18
BRDA:10,2,0,1
BRDA:10,2,1,16
BRF:6
BRH:6
end_of_record
TN:
SF:03-high-order-array-methods\06-hashtag-generator\hashtag-generator.js
FN:1,generateHashtag
FN:6,(anonymous_1)
FNF:2
FNH:2
FNDA:4,generateHashtag
FNDA:47,(anonymous_1)
DA:2,4
DA:3,4
DA:4,1
DA:6,47
DA:7,3
DA:8,3
DA:9,1
DA:11,2
DA:15,1
LF:9
LH:9
BRDA:3,0,0,1
BRDA:3,0,1,3
BRDA:8,1,0,1
BRDA:8,1,1,2
BRF:4
BRH:4
end_of_record
TN:
SF:03-high-order-array-methods\07-valid-ipv4\valid-ipv4.js
FN:1,isValidIPv4
FNF:1
FNH:1
FNDA:6,isValidIPv4
DA:2,6
DA:3,6
DA:4,2
DA:6,4
DA:7,12
DA:8,12
DA:9,0
DA:11,12
DA:12,12
DA:13,1
DA:15,11
DA:16,1
DA:19,2
DA:22,1
LF:14
LH:13
BRDA:3,0,0,2
BRDA:3,0,1,4
BRDA:8,1,0,0
BRDA:8,1,1,12
BRDA:12,2,0,1
BRDA:12,2,1,11
BRDA:12,3,0,12
BRDA:12,3,1,12
BRDA:15,4,0,1
BRDA:15,4,1,10
BRDA:15,5,0,11
BRDA:15,5,1,11
BRF:12
BRH:11
end_of_record
TN:
SF:03-high-order-array-methods\08-analyze-car-milage\analyze-car-milage.js
FN:1,analyzeCarMileage
FN:2,(anonymous_1)
FN:4,(anonymous_2)
FN:7,(anonymous_3)
FNF:4
FNH:4
FNDA:1,analyzeCarMileage
FNDA:3,(anonymous_1)
FNDA:2,(anonymous_2)
FNDA:2,(anonymous_3)
DA:2,3
DA:3,1
DA:4,1
DA:5,2
DA:7,1
DA:8,2
DA:10,1
DA:19,1
LF:8
LH:8
BRDA:5,0,0,1
BRDA:5,0,1,1
BRDA:8,1,0,1
BRDA:8,1,1,1
BRF:4
BRH:4
end_of_record
TN:
SF:03-high-order-array-methods\09-password-validator\password-validator.js
FN:1,validatePassword
FNF:1
FNH:1
FNDA:4,validatePassword
DA:2,4
DA:3,1
DA:5,3
DA:6,3
DA:7,3
DA:8,3
DA:11,1
LF:7
LH:7
BRDA:2,0,0,1
BRDA:2,0,1,3
BRDA:8,1,0,3
BRDA:8,1,1,2
BRDA:8,1,2,2
BRF:5
BRH:5
end_of_record
TN:
SF:03-high-order-array-methods\10-find-missing-letter-refactor\find-missing-letter-refactor.js
FN:1,findMissingLetter
FN:2,(anonymous_1)
FNF:2
FNH:2
FNDA:4,findMissingLetter
FNDA:15,(anonymous_1)
DA:2,15
DA:3,4
DA:4,10
DA:5,4
DA:10,1
LF:5
LH:5
BRDA:4,0,0,4
BRDA:4,0,1,6
BRF:2
BRH:2
end_of_record
