TN:
SF:01-basic-challenges-1\01-hello-world\hello-world.js
FN:1,helloWorld
FNF:1
FNH:1
FNDA:1,helloWorld
DA:2,1
DA:5,1
LF:2
LH:2
BRF:0
BRH:0
end_of_record
TN:
SF:01-basic-challenges-1\02-get-sum\get-sum.js
FN:1,getSum
FNF:1
FNH:1
FNDA:1,getSum
DA:2,1
DA:5,1
LF:2
LH:2
BRF:0
BRH:0
end_of_record
TN:
SF:01-basic-challenges-1\03-calculator\calculator.js
FN:1,calculator
FNF:1
FNH:1
FNDA:4,calculator
DA:3,4
DA:4,1
DA:5,3
DA:6,1
DA:7,2
DA:8,1
DA:9,1
DA:10,0
DA:12,1
DA:13,1
DA:18,1
LF:11
LH:10
BRDA:3,0,0,1
BRDA:3,0,1,3
BRDA:5,1,0,1
BRDA:5,1,1,2
BRDA:7,2,0,1
BRDA:7,2,1,1
BRDA:9,3,0,0
BRDA:9,3,1,1
BRDA:12,4,0,1
BRDA:12,4,1,0
BRF:10
BRH:8
end_of_record
TN:
SF:01-basic-challenges-1\04-count-occurrences\count-occurrences.js
FN:1,countOccurrences
FNF:1
FNH:1
FNDA:3,countOccurrences
DA:2,3
DA:3,3
DA:4,22
DA:5,7
DA:8,3
DA:11,1
LF:6
LH:6
BRDA:4,0,0,7
BRDA:4,0,1,15
BRF:2
BRH:2
end_of_record
TN:
SF:01-basic-challenges-1\05-find-max-number\find-max-number.js
FN:1,findMaxNumber
FNF:1
FNH:1
FNDA:3,findMaxNumber
DA:2,3
DA:5,1
LF:2
LH:2
BRF:0
BRH:0
end_of_record
TN:
SF:01-basic-challenges-1\06-title-case\title-case.js
FN:1,titleCase
FN:4,(anonymous_1)
FNF:2
FNH:2
FNDA:3,titleCase
FNDA:6,(anonymous_1)
DA:2,3
DA:4,6
DA:8,1
LF:3
LH:3
BRF:0
BRH:0
end_of_record
TN:
SF:01-basic-challenges-1\07-reverse-string\reverse-string.js
FN:1,reverseString
FNF:1
FNH:1
FNDA:3,reverseString
DA:2,3
DA:5,1
LF:2
LH:2
BRF:0
BRH:0
end_of_record
TN:
SF:01-basic-challenges-1\08-palindrome\palindrome.js
FN:1,isPalindrome
FNF:1
FNH:1
FNDA:4,isPalindrome
DA:2,4
DA:3,4
DA:4,4
DA:7,1
LF:4
LH:4
BRF:0
BRH:0
end_of_record
TN:
SF:01-basic-challenges-1\09-count-vowels\count-vowels.js
FN:1,countVowels
FNF:1
FNH:1
FNDA:4,countVowels
DA:2,4
DA:3,4
DA:4,4
DA:5,53
DA:6,17
DA:9,4
DA:12,1
LF:7
LH:7
BRDA:5,0,0,17
BRDA:5,0,1,36
BRF:2
BRH:2
end_of_record
TN:
SF:01-basic-challenges-1\10-remove-duplicates\remove-duplicates.js
FN:1,removeDuplicates
FNF:1
FNH:1
FNDA:3,removeDuplicates
DA:2,3
DA:5,1
LF:2
LH:2
BRF:0
BRH:0
end_of_record
TN:
SF:02-basic-challenges-2\01-fizzbuzz-array\fizzbuzz-array.js
FN:1,fizzBuzzArray
FNF:1
FNH:1
FNDA:1,fizzBuzzArray
DA:2,1
DA:4,1
DA:5,15
DA:6,1
DA:7,14
DA:8,4
DA:9,10
DA:10,2
DA:12,8
DA:16,1
DA:19,1
LF:11
LH:11
BRDA:5,0,0,1
BRDA:5,0,1,14
BRDA:5,1,0,15
BRDA:5,1,1,5
BRDA:7,2,0,4
BRDA:7,2,1,10
BRDA:9,3,0,2
BRDA:9,3,1,8
BRF:8
BRH:8
end_of_record
TN:
SF:02-basic-challenges-2\02-array-intersection\array-intersection.js
FN:1,arrayIntersection
FN:2,(anonymous_1)
FNF:2
FNH:2
FNDA:3,arrayIntersection
FNDA:11,(anonymous_1)
DA:2,11
DA:5,1
LF:2
LH:2
BRF:0
BRH:0
end_of_record
TN:
SF:02-basic-challenges-2\03-display-likes\display-likes.js
FN:1,displayLikes
FNF:1
FNH:1
FNDA:6,displayLikes
DA:2,6
DA:4,6
DA:5,1
DA:6,5
DA:7,1
DA:8,4
DA:9,1
DA:10,3
DA:11,1
DA:13,2
DA:17,1
LF:11
LH:11
BRDA:4,0,0,1
BRDA:4,0,1,5
BRDA:6,1,0,1
BRDA:6,1,1,4
BRDA:8,2,0,1
BRDA:8,2,1,3
BRDA:10,3,0,1
BRDA:10,3,1,2
BRF:8
BRH:8
end_of_record
TN:
SF:02-basic-challenges-2\04-find-missing-number\find-missing-number.js
FN:1,findMissingNumber
FN:4,(anonymous_1)
FNF:2
FNH:2
FNDA:3,findMissingNumber
FNDA:18,(anonymous_1)
DA:2,3
DA:3,3
DA:4,18
DA:6,3
DA:9,1
LF:5
LH:5
BRF:0
BRH:0
end_of_record
TN:
SF:02-basic-challenges-2\05-find-missing-letter\find-missing-letter.js
FN:1,findMissingLetter
FNF:1
FNH:1
FNDA:4,findMissingLetter
DA:2,4
DA:3,10
DA:4,4
DA:9,1
LF:4
LH:4
BRDA:3,0,0,4
BRDA:3,0,1,6
BRF:2
BRH:2
end_of_record
TN:
SF:02-basic-challenges-2\06-are-all-chars-unique\are-all-chars-unique.js
FN:1,areAllCharactersUnique
FNF:1
FNH:1
FNDA:5,areAllCharactersUnique
DA:2,5
DA:3,5
DA:6,1
LF:3
LH:3
BRF:0
BRH:0
end_of_record
TN:
SF:02-basic-challenges-2\07-first-non-repeating\first-non-repeating.js
FN:1,findFirstNonRepeatingCharacter
FNF:1
FNH:1
FNDA:3,findFirstNonRepeatingCharacter
DA:2,3
DA:3,3
DA:4,26
DA:6,3
DA:7,10
DA:8,2
DA:11,1
DA:14,1
LF:8
LH:8
BRDA:4,0,0,26
BRDA:4,0,1,17
BRDA:7,1,0,2
BRDA:7,1,1,8
BRF:4
BRH:4
end_of_record
TN:
SF:02-basic-challenges-2\08-dice-game\dice-game.js
FN:1,diceGameSimulation
FN:3,(anonymous_1)
FNF:2
FNH:2
FNDA:1,diceGameSimulation
FNDA:200,(anonymous_1)
DA:2,1
DA:3,200
DA:5,1
DA:6,100
DA:7,100
DA:8,100
DA:10,100
DA:11,26
DA:12,74
DA:13,9
DA:15,65
DA:17,100
DA:25,1
DA:28,1
LF:14
LH:14
BRDA:10,0,0,26
BRDA:10,0,1,74
BRDA:10,1,0,100
BRDA:10,1,1,84
BRDA:12,2,0,9
BRDA:12,2,1,65
BRDA:12,3,0,74
BRDA:12,3,1,72
BRDA:12,3,2,67
BRF:9
BRH:9
end_of_record
TN:
SF:02-basic-challenges-2\09-format-phone-number\format-phone-number.js
FN:1,formatPhoneNumber
FNF:1
FNH:1
FNDA:3,formatPhoneNumber
DA:2,3
DA:3,0
DA:5,3
DA:7,3
DA:10,1
LF:5
LH:4
BRDA:2,0,0,0
BRDA:2,0,1,3
BRF:2
BRH:1
end_of_record
TN:
SF:02-basic-challenges-2\10-validate-email\validate-email.js
FN:1,validateEmail
FNF:1
FNH:1
FNDA:5,validateEmail
DA:2,5
DA:3,5
DA:4,2
DA:6,3
DA:9,1
LF:5
LH:5
BRDA:3,0,0,2
BRDA:3,0,1,3
BRDA:3,1,0,5
BRDA:3,1,1,3
BRF:4
BRH:4
end_of_record
TN:
SF:03-high-order-array-methods\02-sum-of-even-squares\sum-of-even-squares.js
FN:1,sumOfEvenSquares
FN:2,(anonymous_1)
FN:3,(anonymous_2)
FN:4,(anonymous_3)
FNF:4
FNH:4
FNDA:3,sumOfEvenSquares
FNDA:11,(anonymous_1)
FNDA:5,(anonymous_2)
FNDA:5,(anonymous_3)
DA:2,11
DA:3,5
DA:4,5
DA:6,3
DA:9,1
LF:5
LH:5
BRF:0
BRH:0
end_of_record
TN:
SF:03-high-order-array-methods\03-calculate-total-sales\calculate-total-sales.js
FN:1,calculateTotalSalesWithTax
FN:12,(anonymous_1)
FNF:2
FNH:2
FNDA:2,calculateTotalSalesWithTax
FNDA:7,(anonymous_1)
DA:2,2
DA:3,0
DA:4,0
DA:7,2
DA:8,0
DA:9,0
DA:12,2
DA:13,7
DA:17,0
DA:18,0
DA:21,7
DA:22,7
DA:26,7
DA:29,2
DA:30,0
DA:33,0
DA:36,2
DA:37,2
DA:39,2
DA:43,2
DA:46,1
LF:21
LH:13
BRDA:2,0,0,0
BRDA:2,0,1,2
BRDA:2,1,0,2
BRDA:2,1,1,2
BRDA:7,2,0,0
BRDA:7,2,1,2
BRDA:13,3,0,0
BRDA:13,3,1,7
BRDA:14,4,0,7
BRDA:14,4,1,7
BRDA:29,5,0,0
BRDA:29,5,1,2
BRF:12
BRH:8
end_of_record
TN:
SF:03-high-order-array-methods\04-highest-scoring-word\highest-scoring-word.js
FN:1,highestScoringWord
FN:9,(anonymous_1)
FNF:2
FNH:2
FNDA:3,highestScoringWord
FNDA:67,(anonymous_1)
DA:2,3
DA:4,3
DA:5,3
DA:6,3
DA:7,17
DA:9,67
DA:10,17
DA:11,7
DA:12,7
DA:16,3
DA:19,1
LF:11
LH:11
BRDA:10,0,0,7
BRDA:10,0,1,10
BRF:2
BRH:2
end_of_record
TN:
SF:03-high-order-array-methods\05-valid-anagrams\valid-anagrams.js
FN:1,validAnagrams
FN:15,(anonymous_1)
FNF:2
FNH:2
FNDA:4,validAnagrams
FNDA:14,(anonymous_1)
DA:2,4
DA:3,1
DA:5,3
DA:6,3
DA:7,21
DA:9,3
DA:10,17
DA:11,1
DA:13,16
DA:15,14
DA:19,1
LF:11
LH:11
BRDA:2,0,0,1
BRDA:2,0,1,3
BRDA:7,1,0,21
BRDA:7,1,1,18
BRDA:10,2,0,1
BRDA:10,2,1,16
BRF:6
BRH:6
end_of_record
TN:
SF:03-high-order-array-methods\06-hashtag-generator\hashtag-generator.js
FN:1,generateHashtag
FN:6,(anonymous_1)
FNF:2
FNH:2
FNDA:4,generateHashtag
FNDA:47,(anonymous_1)
DA:2,4
DA:3,4
DA:4,1
DA:6,47
DA:7,3
DA:8,3
DA:9,1
DA:11,2
DA:15,1
LF:9
LH:9
BRDA:3,0,0,1
BRDA:3,0,1,3
BRDA:8,1,0,1
BRDA:8,1,1,2
BRF:4
BRH:4
end_of_record
TN:
SF:03-high-order-array-methods\07-valid-ipv4\valid-ipv4.js
FN:1,isValidIPv4
FNF:1
FNH:1
FNDA:6,isValidIPv4
DA:2,6
DA:3,6
DA:4,2
DA:6,4
DA:7,12
DA:8,12
DA:9,0
DA:11,12
DA:12,12
DA:13,1
DA:15,11
DA:16,1
DA:19,2
DA:22,1
LF:14
LH:13
BRDA:3,0,0,2
BRDA:3,0,1,4
BRDA:8,1,0,0
BRDA:8,1,1,12
BRDA:12,2,0,1
BRDA:12,2,1,11
BRDA:12,3,0,12
BRDA:12,3,1,12
BRDA:15,4,0,1
BRDA:15,4,1,10
BRDA:15,5,0,11
BRDA:15,5,1,11
BRF:12
BRH:11
end_of_record
TN:
SF:03-high-order-array-methods\08-analyze-car-milage\analyze-car-milage.js
FN:1,analyzeCarMileage
FN:2,(anonymous_1)
FN:4,(anonymous_2)
FN:7,(anonymous_3)
FNF:4
FNH:4
FNDA:1,analyzeCarMileage
FNDA:3,(anonymous_1)
FNDA:2,(anonymous_2)
FNDA:2,(anonymous_3)
DA:2,3
DA:3,1
DA:4,1
DA:5,2
DA:7,1
DA:8,2
DA:10,1
DA:19,1
LF:8
LH:8
BRDA:5,0,0,1
BRDA:5,0,1,1
BRDA:8,1,0,1
BRDA:8,1,1,1
BRF:4
BRH:4
end_of_record
TN:
SF:03-high-order-array-methods\09-password-validator\password-validator.js
FN:1,validatePassword
FNF:1
FNH:1
FNDA:4,validatePassword
DA:2,4
DA:3,1
DA:5,3
DA:6,3
DA:7,3
DA:8,3
DA:11,1
LF:7
LH:7
BRDA:2,0,0,1
BRDA:2,0,1,3
BRDA:8,1,0,3
BRDA:8,1,1,2
BRDA:8,1,2,2
BRF:5
BRH:5
end_of_record
TN:
SF:03-high-order-array-methods\10-find-missing-letter-refactor\find-missing-letter-refactor.js
FN:1,findMissingLetter
FN:2,(anonymous_1)
FNF:2
FNH:2
FNDA:4,findMissingLetter
FNDA:15,(anonymous_1)
DA:2,15
DA:3,4
DA:4,10
DA:5,4
DA:10,1
LF:5
LH:5
BRDA:4,0,0,4
BRDA:4,0,1,6
BRF:2
BRH:2
end_of_record
TN:
SF:04-recursion\01-recursion-intro\count-down.js
FN:1,factorial
FN:11,countDown
FNF:2
FNH:2
FNDA:5,factorial
FNDA:6,countDown
DA:2,5
DA:3,1
DA:5,4
DA:8,1
DA:10,1
DA:12,6
DA:13,3
DA:14,3
DA:16,3
DA:17,3
DA:20,1
LF:11
LH:11
BRDA:2,0,0,1
BRDA:2,0,1,4
BRDA:2,1,0,5
BRDA:2,1,1,4
BRDA:12,2,0,3
BRDA:12,2,1,3
BRF:6
BRH:6
end_of_record
TN:
SF:04-recursion\02-unwinding\sum-up-to.js
FN:1,sumUpTo
FNF:1
FNH:1
FNDA:20,sumUpTo
DA:2,20
DA:3,4
DA:5,16
DA:8,1
LF:4
LH:4
BRDA:2,0,0,4
BRDA:2,0,1,16
BRF:2
BRH:2
end_of_record
TN:
SF:04-recursion\03-reverse-string-recursion\reverse-string-recursion.js
FN:1,reverseString
FNF:1
FNH:1
FNDA:23,reverseString
DA:2,23
DA:3,3
DA:5,20
DA:9,1
LF:4
LH:4
BRDA:2,0,0,3
BRDA:2,0,1,20
BRF:2
BRH:2
end_of_record
TN:
SF:04-recursion\04-fibonacci-sequence\fibonacci.js
FN:1,fibonacci
FNF:1
FNH:1
FNDA:100,fibonacci
DA:2,100
DA:3,54
DA:6,46
DA:9,1
LF:4
LH:4
BRDA:2,0,0,54
BRDA:2,0,1,46
BRF:2
BRH:2
end_of_record
TN:
SF:04-recursion\05-factorial\factorial.js
FN:1,factorial
FNF:1
FNH:1
FNDA:16,factorial
DA:2,16
DA:3,3
DA:6,13
DA:9,1
LF:4
LH:4
BRDA:2,0,0,3
BRDA:2,0,1,13
BRF:2
BRH:2
end_of_record
TN:
SF:04-recursion\06-power\power.js
FN:1,power
FNF:1
FNH:1
FNDA:12,power
DA:2,12
DA:3,3
DA:5,9
DA:8,1
LF:4
LH:4
BRDA:2,0,0,3
BRDA:2,0,1,9
BRF:2
BRH:2
end_of_record
TN:
SF:04-recursion\07-array-sum\array-sum.js
FN:1,arraySum
FNF:1
FNH:1
FNDA:13,arraySum
DA:2,13
DA:3,3
DA:5,10
DA:8,1
LF:4
LH:4
BRDA:2,0,0,3
BRDA:2,0,1,10
BRF:2
BRH:2
end_of_record
TN:
SF:04-recursion\08-number-range\number-range.js
FN:1,numberRange
FNF:1
FNH:1
FNDA:17,numberRange
DA:2,17
DA:3,3
DA:5,14
DA:8,1
LF:4
LH:4
BRDA:2,0,0,3
BRDA:2,0,1,14
BRF:2
BRH:2
end_of_record
TN:
SF:04-recursion\09-flatten-array\flatten-array.js
FN:1,flattenArray
FNF:1
FNH:1
FNDA:45,flattenArray
DA:2,45
DA:3,15
DA:5,30
DA:7,30
DA:8,12
DA:10,18
DA:14,1
LF:7
LH:7
BRDA:2,0,0,15
BRDA:2,0,1,30
BRDA:7,1,0,12
BRDA:7,1,1,18
BRF:4
BRH:4
end_of_record
TN:
SF:04-recursion\10-permutations\permutations.js
FN:1,permutations
FNF:1
FNH:1
FNDA:21,permutations
DA:2,21
DA:3,13
DA:5,8
DA:7,8
DA:8,18
DA:9,18
DA:11,18
DA:12,18
DA:13,24
DA:17,8
DA:20,1
LF:11
LH:11
BRDA:2,0,0,13
BRDA:2,0,1,8
BRF:2
BRH:2
end_of_record
TN:
SF:05-complexity\08-max-subarray-quadratic\max-subarray-quadratic.js
FN:1,maxSubarraySum
FNF:1
FNH:1
FNDA:2,maxSubarraySum
DA:2,2
DA:3,0
DA:6,2
DA:7,2
DA:8,11
DA:9,11
DA:10,38
DA:12,11
DA:15,2
DA:18,1
LF:10
LH:9
BRDA:2,0,0,0
BRDA:2,0,1,2
BRF:2
BRH:1
end_of_record
TN:
SF:05-complexity\10-max-subarray-linear\max-subarray-linear.js
FN:1,maxSubarraySum
FNF:1
FNH:1
FNDA:2,maxSubarraySum
DA:2,2
DA:3,0
DA:6,2
DA:7,2
DA:8,11
DA:9,11
DA:10,38
DA:12,11
DA:15,2
DA:18,1
LF:10
LH:9
BRDA:2,0,0,0
BRDA:2,0,1,2
BRF:2
BRH:1
end_of_record
TN:
SF:06-hash-tables-maps-sets\04-word-frequency-counter\word-frequency-counter.js
FN:1,wordFrequencyCounter
FN:5,(anonymous_1)
FNF:2
FNH:2
FNDA:4,wordFrequencyCounter
FNDA:26,(anonymous_1)
DA:2,4
DA:3,4
DA:4,4
DA:5,4
DA:6,26
DA:7,25
DA:11,4
DA:14,1
DA:15,1
DA:16,1
DA:18,1
LF:11
LH:11
BRDA:6,0,0,25
BRDA:6,0,1,1
BRDA:7,1,0,25
BRDA:7,1,1,18
BRF:4
BRH:4
end_of_record
TN:
SF:06-hash-tables-maps-sets\05-phone-number-directory\phone-number-directory.js
FN:1,phoneNumberDirectory
FNF:1
FNH:1
FNDA:1,phoneNumberDirectory
DA:2,1
DA:3,1
DA:4,3
DA:5,3
DA:7,1
DA:10,1
LF:6
LH:6
BRF:0
BRH:0
end_of_record
TN:
SF:06-hash-tables-maps-sets\06-anagram-grouping\anagram-grouping.js
FN:1,anagramGrouping
FN:3,(anonymous_1)
FNF:2
FNH:2
FNDA:2,anagramGrouping
FNDA:10,(anonymous_1)
DA:2,2
DA:3,2
DA:4,10
DA:5,10
DA:6,5
DA:8,5
DA:11,2
DA:14,1
LF:8
LH:8
BRDA:5,0,0,5
BRDA:5,0,1,5
BRF:2
BRH:2
end_of_record
TN:
SF:06-hash-tables-maps-sets\08-symmetric-difference\symmetric-difference.js
FN:1,symmetricDifference
FN:4,(anonymous_1)
FN:5,(anonymous_2)
FNF:3
FNH:3
FNDA:5,symmetricDifference
FNDA:19,(anonymous_1)
FNDA:19,(anonymous_2)
DA:2,5
DA:3,5
DA:4,19
DA:5,19
DA:6,5
DA:9,1
DA:10,1
DA:11,1
DA:12,1
DA:14,1
LF:10
LH:10
BRF:0
BRH:0
end_of_record
TN:
SF:06-hash-tables-maps-sets\09-two-sum\two-sum.js
FN:1,twoSum
FNF:1
FNH:1
FNDA:4,twoSum
DA:2,4
DA:4,4
DA:5,9
DA:7,9
DA:8,4
DA:11,5
DA:14,0
DA:17,1
DA:18,1
DA:19,1
DA:21,1
LF:11
LH:10
BRDA:7,0,0,4
BRDA:7,0,1,5
BRF:2
BRH:2
end_of_record
TN:
SF:06-hash-tables-maps-sets\10-longest-consecutive\longest-consecutive.js
FN:1,longestConsecutiveSequence
FNF:1
FNH:1
FNDA:2,longestConsecutiveSequence
DA:2,2
DA:3,2
DA:5,2
DA:6,16
DA:7,4
DA:8,4
DA:9,4
DA:10,12
DA:11,12
DA:13,4
DA:17,2
DA:20,1
LF:12
LH:12
BRDA:6,0,0,4
BRDA:6,0,1,12
BRF:2
BRH:2
end_of_record
TN:
SF:06-hash-tables-maps-sets\11-custom-hash-table\custom-hash-table.js
FN:2,(anonymous_0)
FN:6,(anonymous_1)
FN:13,(anonymous_2)
FN:31,(anonymous_3)
FN:43,(anonymous_4)
FN:60,(anonymous_5)
FN:71,(anonymous_6)
FN:81,(anonymous_7)
FNF:8
FNH:5
FNDA:5,(anonymous_0)
FNDA:15,(anonymous_1)
FNDA:6,(anonymous_2)
FNDA:7,(anonymous_3)
FNDA:2,(anonymous_4)
FNDA:0,(anonymous_5)
FNDA:0,(anonymous_6)
FNDA:0,(anonymous_7)
DA:3,5
DA:4,5
DA:7,15
DA:8,15
DA:9,115
DA:11,15
DA:14,6
DA:15,6
DA:16,6
DA:18,0
DA:20,0
DA:21,0
DA:22,0
DA:23,0
DA:26,0
DA:27,0
DA:32,7
DA:33,7
DA:34,2
DA:36,5
DA:37,5
DA:38,5
DA:44,2
DA:45,2
DA:46,1
DA:50,1
DA:52,0
DA:53,0
DA:54,0
DA:61,0
DA:62,0
DA:63,0
DA:64,0
DA:65,0
DA:69,0
DA:72,0
DA:73,0
DA:74,0
DA:76,0
DA:82,0
DA:86,1
LF:41
LH:20
BRDA:2,0,0,5
BRDA:15,1,0,6
BRDA:15,1,1,0
BRDA:21,2,0,0
BRDA:21,2,1,0
BRDA:26,3,0,0
BRDA:26,3,1,0
BRDA:33,4,0,2
BRDA:33,4,1,5
BRDA:37,5,0,5
BRDA:37,5,1,0
BRDA:45,6,0,1
BRDA:45,6,1,1
BRDA:46,7,0,1
BRDA:46,7,1,0
BRDA:47,8,0,1
BRDA:47,8,1,1
BRDA:53,9,0,0
BRDA:53,9,1,0
BRDA:62,10,0,0
BRDA:62,10,1,0
BRDA:64,11,0,0
BRDA:64,11,1,0
BRDA:73,12,0,0
BRDA:73,12,1,0
BRF:25
BRH:10
end_of_record
TN:
SF:06-hash-tables-maps-sets\12-word-instance-counter\HashTable.js
FN:2,(anonymous_0)
FN:7,(anonymous_1)
FN:17,(anonymous_2)
FN:38,(anonymous_3)
FN:52,(anonymous_4)
FN:71,(anonymous_5)
FN:85,(anonymous_6)
FN:95,(anonymous_7)
FNF:8
FNH:5
FNDA:4,(anonymous_0)
FNDA:54,(anonymous_1)
FNDA:22,(anonymous_2)
FNDA:10,(anonymous_3)
FNDA:0,(anonymous_4)
FNDA:22,(anonymous_5)
FNDA:0,(anonymous_6)
FNDA:0,(anonymous_7)
DA:3,4
DA:4,4
DA:8,54
DA:10,54
DA:11,258
DA:14,54
DA:18,22
DA:20,22
DA:21,16
DA:23,6
DA:25,6
DA:26,7
DA:27,3
DA:28,3
DA:32,6
DA:33,3
DA:39,10
DA:41,10
DA:42,0
DA:44,10
DA:45,10
DA:46,10
DA:53,0
DA:55,0
DA:56,0
DA:60,0
DA:62,0
DA:63,0
DA:64,0
DA:72,22
DA:74,22
DA:75,6
DA:76,6
DA:77,3
DA:82,19
DA:86,0
DA:87,0
DA:88,0
DA:90,0
DA:96,0
DA:100,1
LF:41
LH:28
BRDA:2,0,0,4
BRDA:20,1,0,16
BRDA:20,1,1,6
BRDA:26,2,0,3
BRDA:26,2,1,4
BRDA:32,3,0,3
BRDA:32,3,1,3
BRDA:41,4,0,0
BRDA:41,4,1,10
BRDA:45,5,0,10
BRDA:45,5,1,0
BRDA:55,6,0,0
BRDA:55,6,1,0
BRDA:56,7,0,0
BRDA:56,7,1,0
BRDA:57,8,0,0
BRDA:57,8,1,0
BRDA:63,9,0,0
BRDA:63,9,1,0
BRDA:74,10,0,6
BRDA:74,10,1,16
BRDA:76,11,0,3
BRDA:76,11,1,3
BRDA:87,12,0,0
BRDA:87,12,1,0
BRF:25
BRH:13
end_of_record
TN:
SF:06-hash-tables-maps-sets\12-word-instance-counter\word-instance-counter.js
FN:3,wordInstanceCounter
FNF:1
FNH:1
FNDA:4,wordInstanceCounter
DA:1,1
DA:4,4
DA:5,4
DA:6,4
DA:7,4
DA:9,4
DA:10,26
DA:11,22
DA:12,3
DA:14,19
DA:16,22
DA:17,7
DA:20,4
DA:23,1
LF:14
LH:14
BRDA:10,0,0,4
BRDA:10,0,1,22
BRDA:11,1,0,3
BRDA:11,1,1,19
BRDA:16,2,0,7
BRDA:16,2,1,15
BRF:6
BRH:6
end_of_record
TN:
SF:06-hash-tables-maps-sets\13-add-get-values-method\HashTable.js
FN:2,(anonymous_0)
FN:7,(anonymous_1)
FN:17,(anonymous_2)
FN:38,(anonymous_3)
FN:52,(anonymous_4)
FN:71,(anonymous_5)
FN:85,(anonymous_6)
FN:95,(anonymous_7)
FNF:8
FNH:3
FNDA:2,(anonymous_0)
FNDA:3,(anonymous_1)
FNDA:3,(anonymous_2)
FNDA:0,(anonymous_3)
FNDA:0,(anonymous_4)
FNDA:0,(anonymous_5)
FNDA:0,(anonymous_6)
FNDA:0,(anonymous_7)
DA:3,2
DA:4,2
DA:8,3
DA:10,3
DA:11,11
DA:14,3
DA:18,3
DA:20,3
DA:21,2
DA:23,1
DA:25,1
DA:26,1
DA:27,0
DA:28,0
DA:32,1
DA:33,1
DA:39,0
DA:41,0
DA:42,0
DA:44,0
DA:45,0
DA:46,0
DA:53,0
DA:55,0
DA:56,0
DA:60,0
DA:62,0
DA:63,0
DA:64,0
DA:72,0
DA:74,0
DA:75,0
DA:76,0
DA:77,0
DA:82,0
DA:86,0
DA:87,0
DA:88,0
DA:90,0
DA:96,0
DA:102,1
LF:41
LH:15
BRDA:2,0,0,2
BRDA:20,1,0,2
BRDA:20,1,1,1
BRDA:26,2,0,0
BRDA:26,2,1,1
BRDA:32,3,0,1
BRDA:32,3,1,0
BRDA:41,4,0,0
BRDA:41,4,1,0
BRDA:45,5,0,0
BRDA:45,5,1,0
BRDA:55,6,0,0
BRDA:55,6,1,0
BRDA:56,7,0,0
BRDA:56,7,1,0
BRDA:57,8,0,0
BRDA:57,8,1,0
BRDA:63,9,0,0
BRDA:63,9,1,0
BRDA:74,10,0,0
BRDA:74,10,1,0
BRDA:76,11,0,0
BRDA:76,11,1,0
BRDA:87,12,0,0
BRDA:87,12,1,0
BRF:25
BRH:5
end_of_record
TN:
SF:06-hash-tables-maps-sets\14-custom-anagram-grouping\HashTable.js
FN:2,(anonymous_0)
FN:7,(anonymous_1)
FN:17,(anonymous_2)
FN:38,(anonymous_3)
FN:52,(anonymous_4)
FN:71,(anonymous_5)
FN:85,(anonymous_6)
FN:95,(anonymous_7)
FN:99,(anonymous_8)
FNF:9
FNH:0
FNDA:0,(anonymous_0)
FNDA:0,(anonymous_1)
FNDA:0,(anonymous_2)
FNDA:0,(anonymous_3)
FNDA:0,(anonymous_4)
FNDA:0,(anonymous_5)
FNDA:0,(anonymous_6)
FNDA:0,(anonymous_7)
FNDA:0,(anonymous_8)
DA:3,0
DA:4,0
DA:8,0
DA:10,0
DA:11,0
DA:14,0
DA:18,0
DA:20,0
DA:21,0
DA:23,0
DA:25,0
DA:26,0
DA:27,0
DA:28,0
DA:32,0
DA:33,0
DA:39,0
DA:41,0
DA:42,0
DA:44,0
DA:45,0
DA:46,0
DA:53,0
DA:55,0
DA:56,0
DA:60,0
DA:62,0
DA:63,0
DA:64,0
DA:72,0
DA:74,0
DA:75,0
DA:76,0
DA:77,0
DA:82,0
DA:86,0
DA:87,0
DA:88,0
DA:90,0
DA:96,0
DA:100,0
DA:102,0
DA:103,0
DA:104,0
DA:105,0
DA:110,0
DA:114,1
LF:47
LH:1
BRDA:2,0,0,0
BRDA:20,1,0,0
BRDA:20,1,1,0
BRDA:26,2,0,0
BRDA:26,2,1,0
BRDA:32,3,0,0
BRDA:32,3,1,0
BRDA:41,4,0,0
BRDA:41,4,1,0
BRDA:45,5,0,0
BRDA:45,5,1,0
BRDA:55,6,0,0
BRDA:55,6,1,0
BRDA:56,7,0,0
BRDA:56,7,1,0
BRDA:57,8,0,0
BRDA:57,8,1,0
BRDA:63,9,0,0
BRDA:63,9,1,0
BRDA:74,10,0,0
BRDA:74,10,1,0
BRDA:76,11,0,0
BRDA:76,11,1,0
BRDA:87,12,0,0
BRDA:87,12,1,0
BRDA:103,13,0,0
BRDA:103,13,1,0
BRF:27
BRH:0
end_of_record
TN:
SF:06-hash-tables-maps-sets\14-custom-anagram-grouping\custom-anagram-grouping.js
FN:1,anagramGrouping
FNF:1
FNH:1
FNDA:1,anagramGrouping
DA:2,1
DA:3,1
DA:4,8
DA:5,8
DA:6,5
DA:8,8
DA:10,1
DA:13,1
LF:8
LH:8
BRDA:5,0,0,5
BRDA:5,0,1,3
BRF:2
BRH:2
end_of_record
TN:
SF:07-stacks-queues-linked-lists\02-stack-implementation\stack.js
FNF:0
FNH:0
DA:3,1
LF:1
LH:1
BRF:0
BRH:0
end_of_record
TN:
SF:07-stacks-queues-linked-lists\03-reverse-string-stack\reverse-string-stack.js
FN:3,reverseStringStack
FNF:1
FNH:1
FNDA:5,reverseStringStack
DA:1,1
DA:4,5
DA:5,5
DA:6,5
DA:7,30
DA:9,5
DA:10,30
DA:13,5
DA:15,1
DA:16,1
DA:18,1
LF:11
LH:11
BRF:0
BRH:0
end_of_record
TN:
SF:07-stacks-queues-linked-lists\03-reverse-string-stack\stack.js
FN:2,(anonymous_0)
FN:8,(anonymous_1)
FN:17,(anonymous_2)
FN:26,(anonymous_3)
FN:33,(anonymous_4)
FN:37,(anonymous_5)
FNF:6
FNH:5
FNDA:5,(anonymous_0)
FNDA:30,(anonymous_1)
FNDA:30,(anonymous_2)
FNDA:0,(anonymous_3)
FNDA:65,(anonymous_4)
FNDA:30,(anonymous_5)
DA:3,5
DA:4,5
DA:5,5
DA:9,30
DA:10,0
DA:12,30
DA:13,30
DA:14,30
DA:18,30
DA:19,0
DA:21,30
DA:23,30
DA:27,0
DA:28,0
DA:30,0
DA:34,65
DA:38,30
DA:42,1
LF:18
LH:13
BRDA:9,0,0,0
BRDA:9,0,1,30
BRDA:18,1,0,0
BRDA:18,1,1,30
BRDA:27,2,0,0
BRDA:27,2,1,0
BRF:6
BRH:2
end_of_record
TN:
SF:07-stacks-queues-linked-lists\04-balanced-parenthesis\balanced-parenthesis.js
FN:2,balancedParenthesis
FNF:1
FNH:1
FNDA:14,balancedParenthesis
DA:1,1
DA:3,14
DA:5,14
DA:6,77
DA:7,77
DA:8,40
DA:9,37
DA:10,37
DA:11,3
DA:13,34
DA:16,11
DA:19,1
LF:12
LH:12
BRDA:7,0,0,40
BRDA:7,0,1,37
BRDA:9,1,0,37
BRDA:9,1,1,0
BRDA:10,2,0,3
BRDA:10,2,1,34
BRF:6
BRH:5
end_of_record
TN:
SF:07-stacks-queues-linked-lists\04-balanced-parenthesis\stack.js
FN:2,(anonymous_0)
FN:8,(anonymous_1)
FN:17,(anonymous_2)
FN:26,(anonymous_3)
FN:33,(anonymous_4)
FN:37,(anonymous_5)
FNF:6
FNH:5
FNDA:14,(anonymous_0)
FNDA:40,(anonymous_1)
FNDA:34,(anonymous_2)
FNDA:0,(anonymous_3)
FNDA:82,(anonymous_4)
FNDA:40,(anonymous_5)
DA:3,14
DA:4,14
DA:5,14
DA:9,40
DA:10,0
DA:12,40
DA:13,40
DA:14,40
DA:18,34
DA:19,0
DA:21,34
DA:23,34
DA:27,0
DA:28,0
DA:30,0
DA:34,82
DA:38,40
DA:42,1
LF:18
LH:13
BRDA:9,0,0,0
BRDA:9,0,1,40
BRDA:18,1,0,0
BRDA:18,1,1,34
BRDA:27,2,0,0
BRDA:27,2,1,0
BRF:6
BRH:2
end_of_record
TN:
SF:07-stacks-queues-linked-lists\06-queue-implementation\queue.js
FN:2,(anonymous_0)
FN:9,(anonymous_1)
FN:13,(anonymous_2)
FN:17,(anonymous_3)
FN:21,(anonymous_4)
FN:30,(anonymous_5)
FN:38,(anonymous_6)
FNF:7
FNH:7
FNDA:7,(anonymous_0)
FNDA:30,(anonymous_1)
FNDA:10,(anonymous_2)
FNDA:14,(anonymous_3)
FNDA:12,(anonymous_4)
FNDA:4,(anonymous_5)
FNDA:3,(anonymous_6)
DA:3,7
DA:4,7
DA:5,7
DA:6,7
DA:10,30
DA:14,10
DA:18,14
DA:22,12
DA:23,0
DA:25,12
DA:26,12
DA:27,12
DA:31,4
DA:32,0
DA:34,4
DA:35,4
DA:36,4
DA:39,3
DA:40,0
DA:42,3
DA:46,1
LF:21
LH:18
BRDA:22,0,0,0
BRDA:22,0,1,12
BRDA:31,1,0,0
BRDA:31,1,1,4
BRDA:39,2,0,0
BRDA:39,2,1,3
BRF:6
BRH:3
end_of_record
TN:
SF:07-stacks-queues-linked-lists\07-reverse-string-queue\queue.js
FN:2,(anonymous_0)
FN:9,(anonymous_1)
FN:18,(anonymous_2)
FN:24,(anonymous_3)
FN:28,(anonymous_4)
FN:32,(anonymous_5)
FN:36,(anonymous_6)
FNF:7
FNH:6
FNDA:1,(anonymous_0)
FNDA:5,(anonymous_1)
FNDA:5,(anonymous_2)
FNDA:0,(anonymous_3)
FNDA:11,(anonymous_4)
FNDA:6,(anonymous_5)
FNDA:5,(anonymous_6)
DA:3,1
DA:4,1
DA:5,1
DA:6,1
DA:10,5
DA:11,0
DA:13,5
DA:14,5
DA:15,5
DA:19,5
DA:20,5
DA:21,5
DA:25,0
DA:29,11
DA:33,6
DA:37,5
DA:41,1
LF:17
LH:15
BRDA:10,0,0,0
BRDA:10,0,1,5
BRF:2
BRH:1
end_of_record
TN:
SF:07-stacks-queues-linked-lists\07-reverse-string-queue\reverse-string-queue.js
FN:3,reverseStringWithQueue
FNF:1
FNH:1
FNDA:1,reverseStringWithQueue
DA:1,1
DA:4,1
DA:5,1
DA:7,1
DA:8,5
DA:10,1
DA:11,5
DA:14,1
DA:17,1
LF:9
LH:9
BRF:0
BRH:0
end_of_record
TN:
SF:07-stacks-queues-linked-lists\08-palindrome-queue-stack.js\palindrome-queue-stack.js
FN:3,isPalindromeQueueStack
FNF:1
FNH:1
FNDA:3,isPalindromeQueueStack
DA:1,1
DA:2,1
DA:4,3
DA:5,3
DA:6,3
DA:7,42
DA:8,42
DA:10,3
DA:11,9
DA:12,2
DA:16,1
DA:19,1
LF:12
LH:12
BRDA:11,0,0,2
BRDA:11,0,1,7
BRF:2
BRH:2
end_of_record
TN:
SF:07-stacks-queues-linked-lists\08-palindrome-queue-stack.js\queue.js
FN:2,(anonymous_0)
FN:9,(anonymous_1)
FN:18,(anonymous_2)
FN:24,(anonymous_3)
FN:28,(anonymous_4)
FN:32,(anonymous_5)
FN:36,(anonymous_6)
FNF:7
FNH:6
FNDA:3,(anonymous_0)
FNDA:42,(anonymous_1)
FNDA:9,(anonymous_2)
FNDA:0,(anonymous_3)
FNDA:52,(anonymous_4)
FNDA:10,(anonymous_5)
FNDA:42,(anonymous_6)
DA:3,3
DA:4,3
DA:5,3
DA:6,3
DA:10,42
DA:11,0
DA:13,42
DA:14,42
DA:15,42
DA:19,9
DA:20,9
DA:21,9
DA:25,0
DA:29,52
DA:33,10
DA:37,42
DA:41,1
LF:17
LH:15
BRDA:10,0,0,0
BRDA:10,0,1,42
BRF:2
BRH:1
end_of_record
TN:
SF:07-stacks-queues-linked-lists\08-palindrome-queue-stack.js\stack.js
FN:2,(anonymous_0)
FN:8,(anonymous_1)
FN:17,(anonymous_2)
FN:26,(anonymous_3)
FN:33,(anonymous_4)
FN:37,(anonymous_5)
FNF:6
FNH:5
FNDA:3,(anonymous_0)
FNDA:42,(anonymous_1)
FNDA:9,(anonymous_2)
FNDA:0,(anonymous_3)
FNDA:9,(anonymous_4)
FNDA:42,(anonymous_5)
DA:3,3
DA:4,3
DA:5,3
DA:9,42
DA:10,0
DA:12,42
DA:13,42
DA:14,42
DA:18,9
DA:19,0
DA:21,9
DA:23,9
DA:27,0
DA:28,0
DA:30,0
DA:34,9
DA:38,42
DA:42,1
LF:18
LH:13
BRDA:9,0,0,0
BRDA:9,0,1,42
BRDA:18,1,0,0
BRDA:18,1,1,9
BRDA:27,2,0,0
BRDA:27,2,1,0
BRF:6
BRH:2
end_of_record
TN:
SF:07-stacks-queues-linked-lists\10-linked-list-implementation\linked-list.js
FN:2,(anonymous_0)
FN:9,(anonymous_1)
FN:13,(anonymous_2)
FN:25,(anonymous_3)
FN:32,(anonymous_4)
FN:44,(anonymous_5)
FN:65,(anonymous_6)
FNF:7
FNH:7
FNDA:23,(anonymous_0)
FNDA:7,(anonymous_1)
FNDA:21,(anonymous_2)
FNDA:1,(anonymous_3)
FNDA:3,(anonymous_4)
FNDA:2,(anonymous_5)
FNDA:2,(anonymous_6)
DA:3,23
DA:4,23
DA:10,7
DA:11,7
DA:14,21
DA:16,21
DA:17,7
DA:19,14
DA:22,21
DA:26,1
DA:27,1
DA:28,3
DA:29,3
DA:33,3
DA:34,3
DA:36,3
DA:37,3
DA:38,3
DA:41,3
DA:45,2
DA:46,1
DA:47,1
DA:48,1
DA:50,1
DA:51,1
DA:52,1
DA:54,1
DA:55,1
DA:56,1
DA:57,1
DA:60,1
DA:61,1
DA:62,1
DA:66,2
DA:67,1
DA:69,1
DA:70,1
DA:71,1
DA:73,1
DA:74,1
DA:75,1
DA:76,1
DA:79,1
DA:84,1
LF:44
LH:44
BRDA:16,0,0,7
BRDA:16,0,1,14
BRDA:45,1,0,1
BRDA:45,1,1,1
BRDA:66,2,0,1
BRDA:66,2,1,1
BRF:6
BRH:6
end_of_record
TN:
SF:07-stacks-queues-linked-lists\11-reverse-string-linked-list\linked-list.js
FN:3,(anonymous_0)
FN:13,(anonymous_1)
FN:25,(anonymous_2)
FN:46,(anonymous_3)
FN:68,(anonymous_4)
FN:101,(anonymous_5)
FN:129,(anonymous_6)
FNF:7
FNH:3
FNDA:20,(anonymous_0)
FNDA:3,(anonymous_1)
FNDA:20,(anonymous_2)
FNDA:0,(anonymous_3)
FNDA:0,(anonymous_4)
FNDA:0,(anonymous_5)
FNDA:0,(anonymous_6)
DA:5,20
DA:7,20
DA:15,3
DA:17,3
DA:27,20
DA:30,20
DA:31,3
DA:34,17
DA:38,20
DA:48,0
DA:50,0
DA:53,0
DA:55,0
DA:56,0
DA:60,0
DA:70,0
DA:71,0
DA:72,0
DA:73,0
DA:76,0
DA:77,0
DA:78,0
DA:81,0
DA:82,0
DA:83,0
DA:84,0
DA:88,0
DA:90,0
DA:92,0
DA:103,0
DA:104,0
DA:107,0
DA:108,0
DA:109,0
DA:112,0
DA:114,0
DA:115,0
DA:116,0
DA:120,0
DA:131,0
DA:134,0
DA:136,0
DA:138,0
DA:143,1
LF:44
LH:10
BRDA:30,0,0,3
BRDA:30,0,1,17
BRDA:70,1,0,0
BRDA:70,1,1,0
BRDA:103,2,0,0
BRDA:103,2,1,0
BRF:6
BRH:2
end_of_record
TN:
SF:07-stacks-queues-linked-lists\11-reverse-string-linked-list\reverse-string-linked-list.js
FN:2,reverseStringLinkedList
FNF:1
FNH:1
FNDA:3,reverseStringLinkedList
DA:1,1
DA:3,3
DA:4,3
DA:5,20
DA:7,3
DA:8,3
DA:9,3
DA:10,20
DA:11,20
DA:13,3
DA:16,1
LF:11
LH:11
BRF:0
BRH:0
end_of_record
TN:
SF:07-stacks-queues-linked-lists\13-find-middle\find-middle.js
FN:1,findMiddle
FNF:1
FNH:1
FNDA:2,findMiddle
DA:2,2
DA:3,2
DA:4,2
DA:5,2
DA:6,5
DA:7,5
DA:8,5
DA:11,2
DA:12,1
DA:14,1
DA:18,1
LF:11
LH:11
BRDA:5,0,0,7
BRDA:5,0,1,6
BRDA:11,1,0,1
BRDA:11,1,1,1
BRF:4
BRH:4
end_of_record
TN:
SF:07-stacks-queues-linked-lists\13-find-middle\linked-list.js
FN:3,(anonymous_0)
FN:13,(anonymous_1)
FN:25,(anonymous_2)
FN:46,(anonymous_3)
FN:68,(anonymous_4)
FN:101,(anonymous_5)
FN:129,(anonymous_6)
FNF:7
FNH:3
FNDA:11,(anonymous_0)
FNDA:2,(anonymous_1)
FNDA:11,(anonymous_2)
FNDA:0,(anonymous_3)
FNDA:0,(anonymous_4)
FNDA:0,(anonymous_5)
FNDA:0,(anonymous_6)
DA:5,11
DA:7,11
DA:15,2
DA:17,2
DA:27,11
DA:30,11
DA:31,2
DA:34,9
DA:38,11
DA:48,0
DA:50,0
DA:53,0
DA:55,0
DA:56,0
DA:60,0
DA:70,0
DA:71,0
DA:72,0
DA:73,0
DA:76,0
DA:77,0
DA:78,0
DA:81,0
DA:82,0
DA:83,0
DA:84,0
DA:88,0
DA:90,0
DA:92,0
DA:103,0
DA:104,0
DA:107,0
DA:108,0
DA:109,0
DA:112,0
DA:114,0
DA:115,0
DA:116,0
DA:120,0
DA:131,0
DA:134,0
DA:136,0
DA:138,0
DA:143,1
LF:44
LH:10
BRDA:30,0,0,2
BRDA:30,0,1,9
BRDA:70,1,0,0
BRDA:70,1,1,0
BRDA:103,2,0,0
BRDA:103,2,1,0
BRF:6
BRH:2
end_of_record
TN:
SF:07-stacks-queues-linked-lists\15-doubly-linked-list-implementation\doubly-linked-list.js
FN:1,Node
FN:7,DoublyLinkedList
FN:13,(anonymous_2)
FN:26,(anonymous_3)
FN:39,(anonymous_4)
FN:61,(anonymous_5)
FN:72,(anonymous_6)
FN:101,(anonymous_7)
FN:112,(anonymous_8)
FNF:9
FNH:9
FNDA:21,Node
FNDA:7,DoublyLinkedList
FNDA:18,(anonymous_2)
FNDA:2,(anonymous_3)
FNDA:1,(anonymous_4)
FNDA:1,(anonymous_5)
FNDA:1,(anonymous_6)
FNDA:2,(anonymous_7)
FNDA:1,(anonymous_8)
DA:2,21
DA:3,21
DA:4,21
DA:8,7
DA:9,7
DA:10,7
DA:13,1
DA:14,18
DA:15,18
DA:16,6
DA:17,6
DA:19,12
DA:20,12
DA:21,12
DA:23,18
DA:26,1
DA:27,2
DA:28,2
DA:29,1
DA:30,1
DA:32,1
DA:33,1
DA:34,1
DA:36,2
DA:39,1
DA:40,1
DA:41,0
DA:43,1
DA:44,0
DA:46,1
DA:47,0
DA:49,1
DA:50,1
DA:51,1
DA:52,1
DA:54,1
DA:55,1
DA:56,1
DA:57,1
DA:58,1
DA:61,1
DA:62,1
DA:63,0
DA:65,1
DA:66,1
DA:67,1
DA:69,1
DA:72,1
DA:73,1
DA:74,0
DA:76,1
DA:77,0
DA:78,0
DA:79,0
DA:81,0
DA:83,1
DA:84,0
DA:85,0
DA:86,0
DA:88,0
DA:91,1
DA:92,1
DA:93,2
DA:95,1
DA:96,1
DA:98,1
DA:101,1
DA:102,2
DA:103,2
DA:104,5
DA:105,1
DA:107,4
DA:109,1
DA:112,1
DA:113,1
DA:114,1
DA:115,3
DA:116,3
DA:120,1
LF:79
LH:66
BRDA:15,0,0,6
BRDA:15,0,1,12
BRDA:28,1,0,1
BRDA:28,1,1,1
BRDA:40,2,0,0
BRDA:40,2,1,1
BRDA:40,3,0,1
BRDA:40,3,1,1
BRDA:43,4,0,0
BRDA:43,4,1,1
BRDA:46,5,0,0
BRDA:46,5,1,1
BRDA:62,6,0,0
BRDA:62,6,1,1
BRDA:62,7,0,1
BRDA:62,7,1,1
BRDA:73,8,0,0
BRDA:73,8,1,1
BRDA:73,9,0,1
BRDA:73,9,1,1
BRDA:76,10,0,0
BRDA:76,10,1,1
BRDA:78,11,0,0
BRDA:78,11,1,0
BRDA:83,12,0,0
BRDA:83,12,1,1
BRDA:85,13,0,0
BRDA:85,13,1,0
BRDA:104,14,0,1
BRDA:104,14,1,4
BRF:30
BRH:19
end_of_record
TN:
SF:07-stacks-queues-linked-lists\16-find-pair-sum\DoublyLinkedList.js
FN:1,Node
FN:7,DoublyLinkedList
FN:13,(anonymous_2)
FN:28,(anonymous_3)
FN:43,(anonymous_4)
FN:72,(anonymous_5)
FN:86,(anonymous_6)
FN:121,(anonymous_7)
FN:134,(anonymous_8)
FNF:9
FNH:4
FNDA:9,Node
FNDA:2,DoublyLinkedList
FNDA:9,(anonymous_2)
FNDA:0,(anonymous_3)
FNDA:0,(anonymous_4)
FNDA:0,(anonymous_5)
FNDA:0,(anonymous_6)
FNDA:10,(anonymous_7)
FNDA:0,(anonymous_8)
DA:2,9
DA:3,9
DA:4,9
DA:8,2
DA:9,2
DA:10,2
DA:13,1
DA:14,9
DA:16,9
DA:17,2
DA:18,2
DA:20,7
DA:21,7
DA:22,7
DA:25,9
DA:28,1
DA:29,0
DA:31,0
DA:32,0
DA:33,0
DA:35,0
DA:36,0
DA:37,0
DA:40,0
DA:43,1
DA:44,0
DA:45,0
DA:48,0
DA:49,0
DA:52,0
DA:53,0
DA:56,0
DA:58,0
DA:60,0
DA:61,0
DA:64,0
DA:65,0
DA:66,0
DA:67,0
DA:69,0
DA:72,1
DA:73,0
DA:74,0
DA:77,0
DA:79,0
DA:80,0
DA:83,0
DA:86,1
DA:87,0
DA:88,0
DA:91,0
DA:92,0
DA:94,0
DA:95,0
DA:97,0
DA:99,0
DA:100,0
DA:102,0
DA:103,0
DA:105,0
DA:108,0
DA:110,0
DA:111,0
DA:114,0
DA:115,0
DA:118,0
DA:121,1
DA:122,10
DA:124,10
DA:125,17
DA:126,1
DA:128,16
DA:131,9
DA:134,1
DA:135,0
DA:137,0
DA:138,0
DA:139,0
DA:143,1
LF:79
LH:28
BRDA:16,0,0,2
BRDA:16,0,1,7
BRDA:31,1,0,0
BRDA:31,1,1,0
BRDA:44,2,0,0
BRDA:44,2,1,0
BRDA:44,3,0,0
BRDA:44,3,1,0
BRDA:48,4,0,0
BRDA:48,4,1,0
BRDA:52,5,0,0
BRDA:52,5,1,0
BRDA:73,6,0,0
BRDA:73,6,1,0
BRDA:73,7,0,0
BRDA:73,7,1,0
BRDA:87,8,0,0
BRDA:87,8,1,0
BRDA:87,9,0,0
BRDA:87,9,1,0
BRDA:91,10,0,0
BRDA:91,10,1,0
BRDA:94,11,0,0
BRDA:94,11,1,0
BRDA:99,12,0,0
BRDA:99,12,1,0
BRDA:102,13,0,0
BRDA:102,13,1,0
BRDA:125,14,0,1
BRDA:125,14,1,16
BRF:30
BRH:4
end_of_record
TN:
SF:07-stacks-queues-linked-lists\16-find-pair-sum\find-pair-sum.js
FN:3,findPairSum
FNF:1
FNH:1
FNDA:2,findPairSum
DA:1,1
DA:4,2
DA:5,2
DA:6,10
DA:7,10
DA:8,1
DA:10,9
DA:12,1
DA:15,1
LF:9
LH:9
BRDA:7,0,0,1
BRDA:7,0,1,9
BRF:2
BRH:2
end_of_record
